<?xml version="1.0" encoding="utf-8"?><testsuites name="pytest tests"><testsuite name="pytest" errors="0" failures="0" skipped="3" tests="12" time="0.095" timestamp="2026-08-09T16:30:59.210336+04:00" hostname="DESKTOP-A7D0U0I"><testcase classname="tests.e2e.test_developer_panel_ui" name="test_cedvel_butun_musterileri_gosterir" time="0.030" /><testcase classname="tests.e2e.test_developer_panel_ui" name="test_qalan_gun_nisanda_gorunur" time="0.003" /><testcase classname="tests.e2e.test_developer_panel_ui" name="test_bitmis_ve_deaktiv_setirler_vurgulanir" time="0.003" /><testcase classname="tests.e2e.test_developer_panel_ui" name="test_axtaris_siyahini_suzur" time="0.003" /><testcase classname="tests.e2e.test_developer_panel_ui" name="test_tesdiq_redd_edilende_hec_ne_deyismir" time="0.003" /><testcase classname="tests.e2e.test_developer_panel_ui" name="test_tesdiqden_sonra_uzatma_icra_olunur" time="0.003" /><testcase classname="tests.e2e.test_developer_panel_ui" name="test_setirde_uzatma_duymesi_var" time="0.003" /><testcase classname="tests.e2e.test_qt_scaffolding" name="test_qapp_fixture_available" time="0.002" /><testcase classname="tests.e2e.test_qt_scaffolding" name="test_widget_can_be_shown" time="0.002" /><testcase classname="tests.e2e.test_qt_scaffolding" name="test_pin_handshake_to_fine_calculation_e2e" time="0.000"><skipped type="pytest.skip" message="Faza 4-də implementasiya olunur — PIN handshake ekranı yoxdur">C:\Users\Drakula\Desktop\KompasOS\tests\e2e\test_qt_scaffolding.py:40: Faza 4-də implementasiya olunur — PIN handshake ekranı yoxdur</skipped></testcase><testcase classname="tests.e2e.test_qt_scaffolding" name="test_dual_control_escalation_e2e" time="0.000"><skipped type="pytest.skip" message="Faza 4-də implementasiya olunur — override modalı yoxdur">C:\Users\Drakula\Desktop\KompasOS\tests\e2e\test_qt_scaffolding.py:45: Faza 4-də implementasiya olunur — override modalı yoxdur</skipped></testcase><testcase classname="tests.e2e.test_qt_scaffolding" name="test_offline_to_online_conflict_resolution_e2e" time="0.000"><skipped type="pytest.skip" message="Faza 3/4-də implementasiya olunur — offline buffer yoxdur">C:\Users\Drakula\Desktop\KompasOS\tests\e2e\test_qt_scaffolding.py:50: Faza 3/4-də implementasiya olunur — offline buffer yoxdur</skipped></testcase></testsuite></testsuites>