<?xml version="1.0" encoding="utf-8"?><testsuites name="pytest tests"><testsuite name="pytest" errors="0" failures="0" skipped="3" tests="5" time="0.041" timestamp="2026-08-09T11:59:00.628400+04:00" hostname="DESKTOP-A7D0U0I"><testcase classname="tests.e2e.test_qt_scaffolding" name="test_qapp_fixture_available" time="0.010" /><testcase classname="tests.e2e.test_qt_scaffolding" name="test_widget_can_be_shown" time="0.010" /><testcase classname="tests.e2e.test_qt_scaffolding" name="test_pin_handshake_to_fine_calculation_e2e" time="0.000"><skipped type="pytest.skip" message="Faza 4-də implementasiya olunur — PIN handshake ekranı yoxdur">C:\Users\Drakula\Desktop\KompasOS\tests\e2e\test_qt_scaffolding.py:40: Faza 4-də implementasiya olunur — PIN handshake ekranı yoxdur</skipped></testcase><testcase classname="tests.e2e.test_qt_scaffolding" name="test_dual_control_escalation_e2e" time="0.000"><skipped type="pytest.skip" message="Faza 4-də implementasiya olunur — override modalı yoxdur">C:\Users\Drakula\Desktop\KompasOS\tests\e2e\test_qt_scaffolding.py:45: Faza 4-də implementasiya olunur — override modalı yoxdur</skipped></testcase><testcase classname="tests.e2e.test_qt_scaffolding" name="test_offline_to_online_conflict_resolution_e2e" time="0.000"><skipped type="pytest.skip" message="Faza 3/4-də implementasiya olunur — offline buffer yoxdur">C:\Users\Drakula\Desktop\KompasOS\tests\e2e\test_qt_scaffolding.py:50: Faza 3/4-də implementasiya olunur — offline buffer yoxdur</skipped></testcase></testsuite></testsuites>