<?xml version="1.0" encoding="utf-8"?><testsuites name="pytest tests"><testsuite name="pytest" errors="0" failures="0" skipped="0" tests="812" time="7.743" timestamp="2026-08-09T16:30:50.883731+04:00" hostname="DESKTOP-A7D0U0I"><testcase classname="tests.unit.test_authentication" name="test_login_succeeds_in_one_step" time="0.011" /><testcase classname="tests.unit.test_authentication" name="test_login_is_case_insensitive" time="0.004" /><testcase classname="tests.unit.test_authentication" name="test_wrong_password_rejected" time="0.005" /><testcase classname="tests.unit.test_authentication" name="test_unknown_username_gives_same_error" time="0.004" /><testcase classname="tests.unit.test_authentication" name="test_unknown_username_and_bad_password_messages_are_identical" time="0.005" /><testcase classname="tests.unit.test_authentication" name="test_deactivated_account_cannot_log_in" time="0.004" /><testcase classname="tests.unit.test_authentication" name="test_must_change_password_stage" time="0.004" /><testcase classname="tests.unit.test_authentication" name="test_login_lazy_pepper_migration_flag" time="0.004" /><testcase classname="tests.unit.test_authentication" name="test_login_use_case_has_no_two_factor_surface" time="0.002" /><testcase classname="tests.unit.test_authentication" name="test_pin_handshake_success" time="0.004" /><testcase classname="tests.unit.test_authentication" name="test_pin_handshake_wrong_pin" time="0.004" /><testcase classname="tests.unit.test_authentication" name="test_camera_operator_cannot_use_kiosk_pin" time="0.004" /><testcase classname="tests.unit.test_authentication" name="test_locked_account_rejects_correct_pin" time="0.004" /><testcase classname="tests.unit.test_authentication" name="test_failure_registration_locks_after_five" time="0.005" /><testcase classname="tests.unit.test_authentication" name="test_successful_pin_resets_lockout_counter" time="0.004" /><testcase classname="tests.unit.test_authentication" name="test_pin_lazy_pepper_migration_flag" time="0.019" /><testcase classname="tests.unit.test_authentication" name="test_password_reset_by_admin" time="0.004" /><testcase classname="tests.unit.test_authentication" name="test_reset_requires_flag" time="0.003" /><testcase classname="tests.unit.test_authentication" name="test_cannot_reset_own_credentials" time="0.003" /><testcase classname="tests.unit.test_authentication" name="test_lower_tier_cannot_reset_higher" time="0.003" /><testcase classname="tests.unit.test_authentication" name="test_equal_tier_can_reset" time="0.004" /><testcase classname="tests.unit.test_authentication" name="test_pin_reset_clears_lockout" time="0.004" /><testcase classname="tests.unit.test_authentication" name="test_recovery_blocked_when_admin_exists" time="0.003" /><testcase classname="tests.unit.test_authentication" name="test_recovery_requires_identity_reference" time="0.003" /><testcase classname="tests.unit.test_authentication" name="test_recovery_only_for_root_or_ceo" time="0.003" /><testcase classname="tests.unit.test_authentication" name="test_recovery_succeeds_and_is_audited" time="0.004" /><testcase classname="tests.unit.test_authentication" name="test_recovery_rejects_contact_that_is_not_the_company_contact" time="0.004" /><testcase classname="tests.unit.test_authentication" name="test_recovery_accepts_company_phone_as_alternative_channel" time="0.004" /><testcase classname="tests.unit.test_authentication" name="test_tenant_contact_rejects_non_matching_values[]" time="0.003" /><testcase classname="tests.unit.test_authentication" name="test_tenant_contact_rejects_non_matching_values[   ]" time="0.003" /><testcase classname="tests.unit.test_authentication" name="test_tenant_contact_rejects_non_matching_values[ba\u015fqa@kompas.az]" time="0.003" /><testcase classname="tests.unit.test_authentication" name="test_tenant_contact_rejects_non_matching_values[0559999999]" time="0.003" /><testcase classname="tests.unit.test_authentication" name="test_tenant_contact_rejects_non_matching_values[12345]" time="0.003" /><testcase classname="tests.unit.test_authentication" name="test_tenant_contact_accepts_matching_values[rehber@kompas.az]" time="0.003" /><testcase classname="tests.unit.test_authentication" name="test_tenant_contact_accepts_matching_values[  REHBER@Kompas.AZ  ]" time="0.003" /><testcase classname="tests.unit.test_authentication" name="test_tenant_contact_accepts_matching_values[+994501234567]" time="0.003" /><testcase classname="tests.unit.test_authentication" name="test_tenant_contact_accepts_matching_values[994 50 123 45 67]" time="0.003" /><testcase classname="tests.unit.test_authentication" name="test_tenant_contact_without_phone_rejects_any_number" time="0.003" /><testcase classname="tests.unit.test_check_contrast" name="test_parse_hex[#000000-expected0]" time="0.003" /><testcase classname="tests.unit.test_check_contrast" name="test_parse_hex[#FFFFFF-expected1]" time="0.003" /><testcase classname="tests.unit.test_check_contrast" name="test_parse_hex[#fff-expected2]" time="0.003" /><testcase classname="tests.unit.test_check_contrast" name="test_parse_hex[0B1D3A-expected3]" time="0.003" /><testcase classname="tests.unit.test_check_contrast" name="test_parse_hex[#F5A623FF-expected4]" time="0.003" /><testcase classname="tests.unit.test_check_contrast" name="test_parse_hex_rejects_invalid[#12345]" time="0.003" /><testcase classname="tests.unit.test_check_contrast" name="test_parse_hex_rejects_invalid[q\u0131rm\u0131z\u0131]" time="0.003" /><testcase classname="tests.unit.test_check_contrast" name="test_parse_hex_rejects_invalid[]" time="0.003" /><testcase classname="tests.unit.test_check_contrast" name="test_parse_hex_rejects_invalid[#GGGGGG]" time="0.003" /><testcase classname="tests.unit.test_check_contrast" name="test_known_contrast_ratios" time="0.003" /><testcase classname="tests.unit.test_check_contrast" name="test_contrast_is_symmetric" time="0.003" /><testcase classname="tests.unit.test_check_contrast" name="test_brand_navy_on_white_passes_aa" time="0.003" /><testcase classname="tests.unit.test_check_contrast" name="test_brand_amber_on_white_fails_normal_text" time="0.003" /><testcase classname="tests.unit.test_check_contrast" name="test_brand_amber_on_navy_passes_large_text" time="0.003" /><testcase classname="tests.unit.test_check_contrast" name="test_check_theme_all_pass" time="0.003" /><testcase classname="tests.unit.test_check_contrast" name="test_check_theme_detects_failure" time="0.004" /><testcase classname="tests.unit.test_check_contrast" name="test_check_theme_reports_missing_tokens" time="0.003" /><testcase classname="tests.unit.test_check_contrast" name="test_check_theme_strict_missing_raises" time="0.003" /><testcase classname="tests.unit.test_check_contrast" name="test_cli_skips_when_tokens_absent" time="0.005" /><testcase classname="tests.unit.test_check_contrast" name="test_cli_pair_mode" time="0.004" /><testcase classname="tests.unit.test_check_contrast" name="test_cli_fails_on_bad_tokens" time="0.005" /><testcase classname="tests.unit.test_check_contrast" name="test_cli_passes_on_good_tokens" time="0.004" /><testcase classname="tests.unit.test_di_container" name="test_transient_creates_new_instance" time="0.003" /><testcase classname="tests.unit.test_di_container" name="test_singleton_returns_same_instance" time="0.003" /><testcase classname="tests.unit.test_di_container" name="test_register_instance" time="0.003" /><testcase classname="tests.unit.test_di_container" name="test_auto_wiring_resolves_dependency_graph" time="0.004" /><testcase classname="tests.unit.test_di_container" name="test_missing_dependency_raises" time="0.003" /><testcase classname="tests.unit.test_di_container" name="test_unregistered_type_raises" time="0.003" /><testcase classname="tests.unit.test_di_container" name="test_circular_dependency_detected" time="0.004" /><testcase classname="tests.unit.test_di_container" name="test_duplicate_registration_blocked" time="0.003" /><testcase classname="tests.unit.test_di_container" name="test_factory_registration" time="0.003" /><testcase classname="tests.unit.test_di_container" name="test_factory_receives_container" time="0.003" /><testcase classname="tests.unit.test_di_container" name="test_scoped_lifetime_isolated_per_scope" time="0.004" /><testcase classname="tests.unit.test_di_container" name="test_scope_disposes_instances" time="0.004" /><testcase classname="tests.unit.test_di_container" name="test_default_parameter_is_not_required" time="0.004" /><testcase classname="tests.unit.test_di_container" name="test_is_registered" time="0.004" /><testcase classname="tests.unit.test_di_container" name="test_get_container_is_singleton" time="0.004" /><testcase classname="tests.unit.test_domain_events" name="test_all_exported_events_are_domain_events" time="0.004" /><testcase classname="tests.unit.test_domain_events" name="test_all_events_are_frozen" time="0.003" /><testcase classname="tests.unit.test_domain_events" name="test_leave_verified_event_contract" time="0.004" /><testcase classname="tests.unit.test_domain_events" name="test_manual_time_override_event_contract" time="0.004" /><testcase classname="tests.unit.test_domain_events" name="test_event_is_immutable" time="0.004" /><testcase classname="tests.unit.test_domain_events" name="test_fine_issued_event_uses_decimal" time="0.004" /><testcase classname="tests.unit.test_domain_events" name="test_absence_event_uses_date_not_datetime" time="0.004" /><testcase classname="tests.unit.test_domain_events" name="test_events_flow_through_bus" time="0.004" /><testcase classname="tests.unit.test_drive_storage" name="test_drive_reference_requires_connection_id" time="0.004" /><testcase classname="tests.unit.test_drive_storage" name="test_legacy_supabase_reference_needs_no_connection" time="0.004" /><testcase classname="tests.unit.test_drive_storage" name="test_empty_file_id_rejected" time="0.004" /><testcase classname="tests.unit.test_drive_storage" name="test_upload_creates_store_and_month_folders" time="0.006" /><testcase classname="tests.unit.test_drive_storage" name="test_second_upload_same_store_and_month_creates_no_new_folder" time="0.006" /><testcase classname="tests.unit.test_drive_storage" name="test_month_change_creates_a_different_folder" time="0.007" /><testcase classname="tests.unit.test_drive_storage" name="test_different_stores_get_different_folders" time="0.007" /><testcase classname="tests.unit.test_drive_storage" name="test_year_month_format_matches_db_constraint" time="0.004" /><testcase classname="tests.unit.test_drive_storage" name="test_store_name_keeps_azerbaijani_letters" time="0.004" /><testcase classname="tests.unit.test_drive_storage" name="test_store_name_strips_query_breaking_characters" time="0.004" /><testcase classname="tests.unit.test_drive_storage" name="test_empty_store_name_falls_back" time="0.004" /><testcase classname="tests.unit.test_drive_storage" name="test_folder_cache_is_keyed_by_connection" time="0.004" /><testcase classname="tests.unit.test_drive_storage" name="test_second_read_does_not_hit_drive" time="0.007" /><testcase classname="tests.unit.test_drive_storage" name="test_thumbnail_is_generated_locally_without_extra_download" time="0.008" /><testcase classname="tests.unit.test_drive_storage" name="test_uploaded_image_is_immediately_cached" time="0.006" /><testcase classname="tests.unit.test_drive_storage" name="test_cache_survives_new_instance" time="0.005" /><testcase classname="tests.unit.test_drive_storage" name="test_expired_cache_entry_is_dropped" time="0.006" /><testcase classname="tests.unit.test_drive_storage" name="test_cache_evicts_when_over_size_limit" time="0.007" /><testcase classname="tests.unit.test_drive_storage" name="test_cache_key_separates_connections" time="0.003" /><testcase classname="tests.unit.test_drive_storage" name="test_delete_removes_from_cache" time="0.005" /><testcase classname="tests.unit.test_drive_storage" name="test_oversized_upload_rejected" time="0.004" /><testcase classname="tests.unit.test_drive_storage" name="test_disallowed_extension_rejected[sened.pdf]" time="0.003" /><testcase classname="tests.unit.test_drive_storage" name="test_disallowed_extension_rejected[arxiv.zip]" time="0.003" /><testcase classname="tests.unit.test_drive_storage" name="test_disallowed_extension_rejected[uzantisiz]" time="0.003" /><testcase classname="tests.unit.test_drive_storage" name="test_empty_file_rejected" time="0.003" /><testcase classname="tests.unit.test_drive_storage" name="test_filename_gets_timestamp_prefix" time="0.004" /><testcase classname="tests.unit.test_drive_storage" name="test_enqueued_upload_is_pending" time="0.014" /><testcase classname="tests.unit.test_drive_storage" name="test_worker_uploads_and_clears_queue" time="0.015" /><testcase classname="tests.unit.test_drive_storage" name="test_failed_upload_stays_queued_with_backoff" time="0.015" /><testcase classname="tests.unit.test_drive_storage" name="test_retry_succeeds_after_drive_recovers" time="0.017" /><testcase classname="tests.unit.test_drive_storage" name="test_worker_without_active_connection_keeps_items" time="0.013" /><testcase classname="tests.unit.test_drive_storage" name="test_callback_receives_reference" time="0.015" /><testcase classname="tests.unit.test_drive_storage" name="test_callback_failure_does_not_lose_upload" time="0.015" /><testcase classname="tests.unit.test_drive_storage" name="test_quota_below_threshold_sends_no_warning" time="0.003" /><testcase classname="tests.unit.test_drive_storage" name="test_quota_at_ninety_percent_warns" time="0.003" /><testcase classname="tests.unit.test_drive_storage" name="test_quota_full_marks_exceeded_and_says_fines_still_work" time="0.003" /><testcase classname="tests.unit.test_drive_storage" name="test_repeat_warning_suppressed_within_cooldown" time="0.003" /><testcase classname="tests.unit.test_drive_storage" name="test_warning_repeats_after_cooldown" time="0.003" /><testcase classname="tests.unit.test_drive_storage" name="test_quota_check_failure_is_recorded_not_raised" time="0.003" /><testcase classname="tests.unit.test_drive_storage" name="test_no_active_connection_is_not_an_error" time="0.003" /><testcase classname="tests.unit.test_drive_storage" name="test_unlimited_account_reports_zero_usage_ratio" time="0.003" /><testcase classname="tests.unit.test_drive_storage" name="test_old_reference_still_points_to_old_connection" time="0.006" /><testcase classname="tests.unit.test_encryption" name="test_generate_key_is_valid" time="0.004" /><testcase classname="tests.unit.test_encryption" name="test_encrypt_decrypt_roundtrip" time="0.004" /><testcase classname="tests.unit.test_encryption" name="test_ciphertext_is_not_deterministic" time="0.004" /><testcase classname="tests.unit.test_encryption" name="test_encrypt_json_roundtrip" time="0.003" /><testcase classname="tests.unit.test_encryption" name="test_missing_key_raises" time="0.003" /><testcase classname="tests.unit.test_encryption" name="test_invalid_key_format_raises" time="0.003" /><testcase classname="tests.unit.test_encryption" name="test_wrong_key_cannot_decrypt" time="0.004" /><testcase classname="tests.unit.test_encryption" name="test_key_rotation_reads_old_tokens" time="0.004" /><testcase classname="tests.unit.test_encryption" name="test_environment_provider" time="0.003" /><testcase classname="tests.unit.test_encryption" name="test_environment_provider_absent" time="0.003" /><testcase classname="tests.unit.test_encryption" name="test_chained_provider_prefers_first" time="0.003" /><testcase classname="tests.unit.test_encryption" name="test_chained_provider_requires_members" time="0.003" /><testcase classname="tests.unit.test_encryption" name="test_key_material_repr_is_masked" time="0.003" /><testcase classname="tests.unit.test_encryption" name="test_is_token_detection" time="0.004" /><testcase classname="tests.unit.test_encryption" name="test_key_source_reported" time="0.004" /><testcase classname="tests.unit.test_encryption" name="test_reload_picks_up_new_key" time="0.004" /><testcase classname="tests.unit.test_encryption" name="test_dpapi_provider_inactive_off_windows" time="0.003" /><testcase classname="tests.unit.test_encryption" name="test_token_has_versioned_format" time="0.003" /><testcase classname="tests.unit.test_encryption" name="test_key_id_is_stable_and_not_the_key" time="0.003" /><testcase classname="tests.unit.test_encryption" name="test_aad_context_binding_is_enforced" time="0.005" /><testcase classname="tests.unit.test_encryption" name="test_context_free_token_needs_no_context" time="0.004" /><testcase classname="tests.unit.test_encryption" name="test_encrypt_json_with_context" time="0.004" /><testcase classname="tests.unit.test_encryption" name="test_unknown_key_id_gives_actionable_error" time="0.004" /><testcase classname="tests.unit.test_encryption" name="test_legacy_fernet_token_still_readable" time="0.004" /><testcase classname="tests.unit.test_encryption" name="test_legacy_token_migrates_to_aesgcm" time="0.004" /><testcase classname="tests.unit.test_encryption" name="test_needs_rotation_detects_old_key" time="0.004" /><testcase classname="tests.unit.test_encryption" name="test_tampered_ciphertext_is_rejected" time="0.004" /><testcase classname="tests.unit.test_encryption" name="test_malformed_token_is_rejected" time="0.004" /><testcase classname="tests.unit.test_encryption" name="test_is_token_recognises_both_formats" time="0.004" /><testcase classname="tests.unit.test_entities" name="test_step1_requires_employee_in_store" time="0.003" /><testcase classname="tests.unit.test_entities" name="test_step1_records_event_and_timestamp" time="0.003" /><testcase classname="tests.unit.test_entities" name="test_requested_time_is_immutable" time="0.003" /><testcase classname="tests.unit.test_entities" name="test_step2_only_from_outside" time="0.003" /><testcase classname="tests.unit.test_entities" name="test_full_happy_path_penalty" time="0.003" /><testcase classname="tests.unit.test_entities" name="test_option_a_uses_operator_click_time" time="0.003" /><testcase classname="tests.unit.test_entities" name="test_penalty_uses_actual_return_not_click_time" time="0.003" /><testcase classname="tests.unit.test_entities" name="test_verify_emits_event_with_correct_fields" time="0.003" /><testcase classname="tests.unit.test_entities" name="test_cannot_verify_before_claim" time="0.003" /><testcase classname="tests.unit.test_entities" name="test_override_requires_reason_length" time="0.003" /><testcase classname="tests.unit.test_entities" name="test_override_rejects_time_before_request" time="0.003" /><testcase classname="tests.unit.test_entities" name="test_override_rejects_future_time" time="0.003" /><testcase classname="tests.unit.test_entities" name="test_small_override_does_not_need_dual_control" time="0.003" /><testcase classname="tests.unit.test_entities" name="test_large_override_triggers_dual_control" time="0.003" /><testcase classname="tests.unit.test_entities" name="test_operator_cannot_approve_own_override" time="0.003" /><testcase classname="tests.unit.test_entities" name="test_timeout_escalation_after_45_minutes" time="0.003" /><testcase classname="tests.unit.test_entities" name="test_escalated_leave_can_still_be_verified" time="0.003" /><testcase classname="tests.unit.test_entities" name="test_timeout_resolver_roles[HR_ADMIN-True]" time="0.003" /><testcase classname="tests.unit.test_entities" name="test_timeout_resolver_roles[CEO-True]" time="0.003" /><testcase classname="tests.unit.test_entities" name="test_timeout_resolver_roles[ROOT-True]" time="0.003" /><testcase classname="tests.unit.test_entities" name="test_timeout_resolver_roles[MAGAZA_MENECERI-False]" time="0.003" /><testcase classname="tests.unit.test_entities" name="test_timeout_resolver_roles[KAMERA_NEZARETCISI-False]" time="0.003" /><testcase classname="tests.unit.test_entities" name="test_timeout_resolver_roles[SATICI-False]" time="0.003" /><testcase classname="tests.unit.test_entities" name="test_check_in_flow" time="0.003" /><testcase classname="tests.unit.test_entities" name="test_late_check_in_does_not_create_fine" time="0.003" /><testcase classname="tests.unit.test_entities" name="test_double_check_in_blocked" time="0.003" /><testcase classname="tests.unit.test_entities" name="test_reject_returns_to_not_started_and_allows_retry" time="0.003" /><testcase classname="tests.unit.test_entities" name="test_reject_requires_reason" time="0.003" /><testcase classname="tests.unit.test_entities" name="test_check_in_timeout_keeps_pending_status" time="0.003" /><testcase classname="tests.unit.test_entities" name="test_unauthorized_absence_rule" time="0.003" /><testcase classname="tests.unit.test_entities" name="test_verified_day_is_never_absence" time="0.003" /><testcase classname="tests.unit.test_entities" name="test_position_hierarchy" time="0.003" /><testcase classname="tests.unit.test_entities" name="test_custom_role_cannot_bypass_hardlock" time="0.003" /><testcase classname="tests.unit.test_entities" name="test_camera_flag_only_on_camera_type_position" time="0.003" /><testcase classname="tests.unit.test_entities" name="test_dual_control_flag_not_on_camera_position" time="0.003" /><testcase classname="tests.unit.test_entities" name="test_system_position_cannot_be_deactivated" time="0.003" /><testcase classname="tests.unit.test_entities" name="test_employee_requires_authentication_method" time="0.004" /><testcase classname="tests.unit.test_entities" name="test_camera_operator_cannot_use_kiosk_pin" time="0.003" /><testcase classname="tests.unit.test_entities" name="test_store_manager_uses_kiosk_pin" time="0.003" /><testcase classname="tests.unit.test_entities" name="test_pin_lockout_after_five_attempts" time="0.004" /><testcase classname="tests.unit.test_entities" name="test_successful_pin_resets_counter" time="0.003" /><testcase classname="tests.unit.test_entities" name="test_override_beats_role_default" time="0.003" /><testcase classname="tests.unit.test_entities" name="test_expired_override_falls_back_to_role" time="0.003" /><testcase classname="tests.unit.test_entities" name="test_camera_operator_store_scoping_is_fail_safe" time="0.003" /><testcase classname="tests.unit.test_entities" name="test_store_assignment_only_for_camera_operator" time="0.003" /><testcase classname="tests.unit.test_entities" name="test_manual_fine_requires_photo_evidence" time="0.003" /><testcase classname="tests.unit.test_entities" name="test_manual_fine_requires_catalog_type" time="0.003" /><testcase classname="tests.unit.test_entities" name="test_auto_fine_requires_leave_request" time="0.004" /><testcase classname="tests.unit.test_entities" name="test_fine_emits_issued_event" time="0.003" /><testcase classname="tests.unit.test_entities" name="test_appeal_window_is_72_hours" time="0.003" /><testcase classname="tests.unit.test_entities" name="test_export_lock_while_appeal_window_open" time="0.003" /><testcase classname="tests.unit.test_entities" name="test_reversed_fine_never_exported" time="0.003" /><testcase classname="tests.unit.test_entities" name="test_fine_can_be_reduced" time="0.003" /><testcase classname="tests.unit.test_entities" name="test_reduced_amount_must_be_lower" time="0.003" /><testcase classname="tests.unit.test_entities" name="test_fine_cannot_be_reversed_twice" time="0.003" /><testcase classname="tests.unit.test_entities" name="test_events_are_collected_not_published" time="0.003" /><testcase classname="tests.unit.test_entities" name="test_events_can_be_discarded_on_rollback" time="0.003" /><testcase classname="tests.unit.test_erp_connector.TestSaleRecord" name="test_bos_sened_id_redd_edilir" time="0.003" /><testcase classname="tests.unit.test_erp_connector.TestSaleRecord" name="test_menfi_mebleg_redd_edilir" time="0.003" /><testcase classname="tests.unit.test_erp_connector.TestSaleRecord" name="test_transaction_date_sened_vaxtindan_alinir" time="0.003" /><testcase classname="tests.unit.test_erp_connector.TestSyncCursor" name="test_ilk_kursor_bosdur" time="0.003" /><testcase classname="tests.unit.test_erp_connector.TestSyncCursor" name="test_kursor_en_yeni_vaxta_irelileyir" time="0.003" /><testcase classname="tests.unit.test_erp_connector.TestSyncCursor" name="test_eyni_saniyedeki_senedlerin_hamisi_serhedde_saxlanilir" time="0.003" /><testcase classname="tests.unit.test_erp_connector.TestSyncCursor" name="test_serhedde_qalanda_evvelki_idler_unudulmur" time="0.003" /><testcase classname="tests.unit.test_erp_connector.TestSyncCursor" name="test_bos_partiya_kursoru_deyismir" time="0.004" /><testcase classname="tests.unit.test_erp_connector.TestSyncCursor" name="test_already_seen_yalniz_serhed_saniyesine_aiddir" time="0.003" /><testcase classname="tests.unit.test_erp_connector.TestDocumentMapping" name="test_defolt_sahaler_select_e_dusur" time="0.003" /><testcase classname="tests.unit.test_erp_connector.TestDocumentMapping" name="test_namelum_sahe_sukutla_atilmir" time="0.003" /><testcase classname="tests.unit.test_erp_connector.TestDocumentMapping" name="test_bos_konfiqurasiya_defolt_qaytarir" time="0.003" /><testcase classname="tests.unit.test_erp_connector.TestOneCConnector" name="test_ugurlu_test_baglantisi" time="0.005" /><testcase classname="tests.unit.test_erp_connector.TestOneCConnector" name="test_html_cavab_infobase_sehvini_gosterir" time="0.004" /><testcase classname="tests.unit.test_erp_connector.TestOneCConnector" name="test_401_tekrar_cehd_etmir" time="0.004" /><testcase classname="tests.unit.test_erp_connector.TestOneCConnector" name="test_503_eksponensial_gozleme_ile_tekrarlanir" time="0.006" /><testcase classname="tests.unit.test_erp_connector.TestOneCConnector" name="test_filtr_yalniz_kecirilmis_senedleri_isteyir" time="0.004" /><testcase classname="tests.unit.test_erp_connector.TestOneCConnector" name="test_kursor_verilende_filtr_ge_istifade_edir" time="0.004" /><testcase classname="tests.unit.test_erp_connector.TestOneCConnector" name="test_serhed_senedleri_tekrar_qaytarilmir" time="0.004" /><testcase classname="tests.unit.test_erp_connector.TestOneCConnector" name="test_id_siz_sened_atlanir_qalanlari_emal_olunur" time="0.005" /><testcase classname="tests.unit.test_erp_connector.TestOneCConnector" name="test_sifre_repr_de_gorunmur" time="0.003" /><testcase classname="tests.unit.test_erp_connector.TestOneCConnector" name="test_baglanti_xetasi_texniki_olmayan_mesaj_verir" time="0.003" /><testcase classname="tests.unit.test_erp_connector.TestNameMatching" name="test_pasport_transliterasiyasi_eyni_ada_getirir" time="0.003" /><testcase classname="tests.unit.test_erp_connector.TestNameMatching" name="test_nadir_e_yazilisi_da_hedd_kecir" time="0.003" /><testcase classname="tests.unit.test_erp_connector.TestNameMatching" name="test_soz_sirasi_neticeye_tesir_etmir" time="0.003" /><testcase classname="tests.unit.test_erp_connector.TestNameMatching" name="test_qohum_adlar_tam_uygun_deyil" time="0.003" /><testcase classname="tests.unit.test_erp_connector.TestSalesMatcher" name="test_xeritelenmemis_magaza_unassigned" time="0.003" /><testcase classname="tests.unit.test_erp_connector.TestSalesMatcher" name="test_satici_id_uzre_deqiq_uygunluq" time="0.003" /><testcase classname="tests.unit.test_erp_connector.TestSalesMatcher" name="test_ad_fallback_low_confidence_verir" time="0.003" /><testcase classname="tests.unit.test_erp_connector.TestSalesMatcher" name="test_eyni_adli_iki_isci_secilmir" time="0.003" /><testcase classname="tests.unit.test_erp_connector.TestSalesMatcher" name="test_yazi_sehvi_tutulur_amma_tesdiqe_gonderilir" time="0.003" /><testcase classname="tests.unit.test_erp_connector.TestSalesMatcher" name="test_zeif_oxsarliq_qebul_edilmir" time="0.003" /><testcase classname="tests.unit.test_erp_connector.TestSalesMatcher" name="test_ad_yoxdursa_unassigned" time="0.003" /><testcase classname="tests.unit.test_erp_connector.TestSalesMatcher" name="test_low_confidence_xal_qazandirir_unassigned_qazandirmir" time="0.003" /><testcase classname="tests.unit.test_erp_connector.TestSalesSyncService" name="test_senedler_yazilir_ve_kursor_irelileyir" time="0.004" /><testcase classname="tests.unit.test_erp_connector.TestSalesSyncService" name="test_tekrar_sened_duplicate_kimi_sayilir" time="0.004" /><testcase classname="tests.unit.test_erp_connector.TestSalesSyncService" name="test_bir_nece_sehife_oxunur" time="0.004" /><testcase classname="tests.unit.test_erp_connector.TestSalesSyncService" name="test_yeni_sened_yoxdursa_da_ugurlu_sayilir" time="0.004" /><testcase classname="tests.unit.test_erp_connector.TestSalesSyncService" name="test_uygunlasma_statistikasi_hesablanir" time="0.004" /><testcase classname="tests.unit.test_erp_connector.TestErpSyncManager" name="test_bir_serverin_xetasi_digerini_dayandirmir" time="0.005" /><testcase classname="tests.unit.test_erp_connector.TestErpSyncManager" name="test_gozlenilmez_xeta_da_izolyasiya_olunur" time="0.004" /><testcase classname="tests.unit.test_erp_connector.TestErpSyncManager" name="test_deaktiv_server_dovreye_daxil_edilmir" time="0.004" /><testcase classname="tests.unit.test_erp_connector.TestErpSyncManager" name="test_error_statuslu_server_dovreden_cixarilmir" time="0.003" /><testcase classname="tests.unit.test_erp_connector.TestConnectionWizard" name="test_icaze_yoxdursa_qadagandir" time="0.004" /><testcase classname="tests.unit.test_erp_connector.TestConnectionWizard" name="test_test_ugursuzdursa_konfiqurasiya_saxlanmir" time="0.004" /><testcase classname="tests.unit.test_erp_connector.TestConnectionWizard" name="test_ugurlu_testden_sonra_server_yaradilir" time="0.004" /><testcase classname="tests.unit.test_erp_connector.TestConnectionWizard" name="test_redakte_evvelki_konfiqurasiyani_backup_edir" time="0.004" /><testcase classname="tests.unit.test_erp_connector.TestConnectionWizard" name="test_hec_vaxt_islememis_konfiqurasiya_dogrulanmis_sayilmir" time="0.004" /><testcase classname="tests.unit.test_erp_connector.TestConnectionWizard" name="test_geri_qaytarma_test_teleb_etmir" time="0.004" /><testcase classname="tests.unit.test_erp_connector.TestConnectionWizard" name="test_bos_infobase_ile_aktivlesdirmek_olmaz" time="0.003" /><testcase classname="tests.unit.test_erp_connector.TestConnectionWizard" name="test_deaktiv_etmek_infobase_teleb_etmir" time="0.003" /><testcase classname="tests.unit.test_erp_connector.TestHealthDiagnosis" name="test_deaktiv_server_problem_kimi_gosterilmir" time="0.004" /><testcase classname="tests.unit.test_erp_connector.TestHealthDiagnosis" name="test_xeritelenmemis_server_ucun_xerite_teklif_olunur" time="0.003" /><testcase classname="tests.unit.test_erp_connector.TestHealthDiagnosis" name="test_ardicil_xetalar_credential_ehtimali_verir" time="0.003" /><testcase classname="tests.unit.test_erp_connector.TestHealthDiagnosis" name="test_kohne_sync_server_sonub_ehtimali_verir" time="0.004" /><testcase classname="tests.unit.test_erp_connector.TestHealthDiagnosis" name="test_saglam_server_teklif_vermir" time="0.003" /><testcase classname="tests.unit.test_event_bus" name="test_domain_event_has_defaults" time="0.004" /><testcase classname="tests.unit.test_event_bus" name="test_sync_handler_receives_event" time="0.003" /><testcase classname="tests.unit.test_event_bus" name="test_async_handler_receives_event" time="0.007" /><testcase classname="tests.unit.test_event_bus" name="test_mixed_sync_and_async_handlers" time="0.005" /><testcase classname="tests.unit.test_event_bus" name="test_base_type_subscription_catches_subclass" time="0.003" /><testcase classname="tests.unit.test_event_bus" name="test_priority_controls_execution_order" time="0.003" /><testcase classname="tests.unit.test_event_bus" name="test_handler_failure_is_isolated" time="0.005" /><testcase classname="tests.unit.test_event_bus" name="test_strict_bus_reraises" time="0.005" /><testcase classname="tests.unit.test_event_bus" name="test_unsubscribe" time="0.004" /><testcase classname="tests.unit.test_event_bus" name="test_subscribe_rejects_non_event_type" time="0.003" /><testcase classname="tests.unit.test_event_bus" name="test_publish_without_handlers_is_noop" time="0.005" /><testcase classname="tests.unit.test_event_bus" name="test_async_handlers_run_concurrently" time="0.059" /><testcase classname="tests.unit.test_event_bus" name="test_get_event_bus_is_singleton" time="0.004" /><testcase classname="tests.unit.test_fine_review_and_profile" name="test_new_fine_is_not_visible_to_employee" time="0.003" /><testcase classname="tests.unit.test_fine_review_and_profile" name="test_employee_view_filters_out_pending_fines" time="0.003" /><testcase classname="tests.unit.test_fine_review_and_profile" name="test_camera_operator_sees_own_pending_fines" time="0.003" /><testcase classname="tests.unit.test_fine_review_and_profile" name="test_pending_fine_cannot_be_appealed" time="0.003" /><testcase classname="tests.unit.test_fine_review_and_profile" name="test_published_at_is_empty_before_push" time="0.003" /><testcase classname="tests.unit.test_fine_review_and_profile" name="test_published_at_can_be_weeks_after_created_at" time="0.004" /><testcase classname="tests.unit.test_fine_review_and_profile" name="test_appeal_window_starts_at_publish_not_creation" time="0.003" /><testcase classname="tests.unit.test_fine_review_and_profile" name="test_unpublished_fine_window_counts_as_open" time="0.003" /><testcase classname="tests.unit.test_fine_review_and_profile" name="test_pending_fine_is_never_exportable_even_after_months" time="0.003" /><testcase classname="tests.unit.test_fine_review_and_profile" name="test_fine_pushed_on_first_of_month_misses_that_month_export" time="0.003" /><testcase classname="tests.unit.test_fine_review_and_profile" name="test_discarded_fine_is_never_exportable" time="0.003" /><testcase classname="tests.unit.test_fine_review_and_profile" name="test_publish_batch_applies_keep_and_discard" time="0.004" /><testcase classname="tests.unit.test_fine_review_and_profile" name="test_default_decision_is_keep" time="0.004" /><testcase classname="tests.unit.test_fine_review_and_profile" name="test_discard_requires_reason" time="0.004" /><testcase classname="tests.unit.test_fine_review_and_profile" name="test_publish_requires_flag" time="0.004" /><testcase classname="tests.unit.test_fine_review_and_profile" name="test_decision_for_unknown_fine_is_rejected" time="0.004" /><testcase classname="tests.unit.test_fine_review_and_profile" name="test_already_published_fine_is_not_republished" time="0.004" /><testcase classname="tests.unit.test_fine_review_and_profile" name="test_invalid_review_month_rejected[2026-13]" time="0.004" /><testcase classname="tests.unit.test_fine_review_and_profile" name="test_invalid_review_month_rejected[26-08]" time="0.004" /><testcase classname="tests.unit.test_fine_review_and_profile" name="test_invalid_review_month_rejected[2026/08]" time="0.004" /><testcase classname="tests.unit.test_fine_review_and_profile" name="test_invalid_review_month_rejected[avqust]" time="0.004" /><testcase classname="tests.unit.test_fine_review_and_profile" name="test_invalid_review_month_rejected[]" time="0.004" /><testcase classname="tests.unit.test_fine_review_and_profile" name="test_publish_flag_cannot_be_granted_to_store_manager" time="0.003" /><testcase classname="tests.unit.test_fine_review_and_profile" name="test_publish_flag_cannot_be_granted_to_camera_operator" time="0.004" /><testcase classname="tests.unit.test_fine_review_and_profile" name="test_publish_flag_cannot_be_granted_to_custom_camera_type_role" time="0.004" /><testcase classname="tests.unit.test_fine_review_and_profile" name="test_publish_flag_is_grantable_to_hr_admin" time="0.003" /><testcase classname="tests.unit.test_fine_review_and_profile" name="test_camera_only_and_excludes_camera_together_is_a_dead_flag" time="0.003" /><testcase classname="tests.unit.test_fine_review_and_profile" name="test_seller_can_open_own_profile_without_any_flag" time="0.003" /><testcase classname="tests.unit.test_fine_review_and_profile" name="test_seller_cannot_open_another_profile" time="0.004" /><testcase classname="tests.unit.test_fine_review_and_profile" name="test_camera_operator_cannot_open_profiles_from_the_queue" time="0.003" /><testcase classname="tests.unit.test_fine_review_and_profile" name="test_store_manager_sees_own_store_employee" time="0.003" /><testcase classname="tests.unit.test_fine_review_and_profile" name="test_store_manager_is_denied_other_store_employee" time="0.004" /><testcase classname="tests.unit.test_fine_review_and_profile" name="test_store_manager_can_always_see_self_even_without_store" time="0.004" /><testcase classname="tests.unit.test_fine_review_and_profile" name="test_company_wide_roles_see_any_store[HR_ADMIN]" time="0.003" /><testcase classname="tests.unit.test_fine_review_and_profile" name="test_company_wide_roles_see_any_store[ADMIN]" time="0.004" /><testcase classname="tests.unit.test_fine_review_and_profile" name="test_company_wide_roles_see_any_store[CEO]" time="0.004" /><testcase classname="tests.unit.test_fine_review_and_profile" name="test_company_wide_roles_see_any_store[ROOT]" time="0.004" /><testcase classname="tests.unit.test_fine_review_and_profile" name="test_birthday_is_exposed_only_with_access" time="0.004" /><testcase classname="tests.unit.test_fine_review_and_profile" name="test_clickable_names_are_precomputed_for_lists" time="0.003" /><testcase classname="tests.unit.test_fine_review_and_profile" name="test_seller_list_only_contains_self" time="0.003" /><testcase classname="tests.unit.test_guards" name="test_admin_can_grant_to_lower_tier" time="0.004" /><testcase classname="tests.unit.test_guards" name="test_admin_cannot_touch_equal_tier" time="0.004" /><testcase classname="tests.unit.test_guards" name="test_admin_cannot_touch_higher_tier" time="0.004" /><testcase classname="tests.unit.test_guards" name="test_ceo_cannot_touch_other_ceo" time="0.004" /><testcase classname="tests.unit.test_guards" name="test_root_is_exempt_from_equal_tier_rule" time="0.004" /><testcase classname="tests.unit.test_guards" name="test_cannot_edit_own_permissions" time="0.004" /><testcase classname="tests.unit.test_guards" name="test_root_cannot_edit_own_permissions_either" time="0.004" /><testcase classname="tests.unit.test_guards" name="test_cannot_grant_flag_actor_does_not_have" time="0.004" /><testcase classname="tests.unit.test_guards" name="test_deny_does_not_require_owning_flag" time="0.004" /><testcase classname="tests.unit.test_guards" name="test_root_can_grant_flag_it_does_not_hold" time="0.004" /><testcase classname="tests.unit.test_guards" name="test_actor_without_control_flag_denied" time="0.004" /><testcase classname="tests.unit.test_guards" name="test_hardlocked_flag_cannot_be_granted" time="0.004" /><testcase classname="tests.unit.test_guards" name="test_anti_fraud_flag_cannot_reach_store_manager" time="0.004" /><testcase classname="tests.unit.test_guards" name="test_dual_control_flag_cannot_reach_camera_operator" time="0.004" /><testcase classname="tests.unit.test_guards" name="test_is_allowed_never_raises" time="0.005" /><testcase classname="tests.unit.test_guards" name="test_deadlock_guard_healthy_when_approver_exists" time="0.003" /><testcase classname="tests.unit.test_guards" name="test_deadlock_guard_warns_when_no_approver" time="0.004" /><testcase classname="tests.unit.test_guards" name="test_deadlock_guard_detects_last_approver_removal" time="0.004" /><testcase classname="tests.unit.test_guards" name="test_deadlock_guard_ok_when_two_approvers_and_one_removed" time="0.003" /><testcase classname="tests.unit.test_guards" name="test_allowance_defaults_to_leave_type" time="0.003" /><testcase classname="tests.unit.test_guards" name="test_allowance_fixed_source" time="0.003" /><testcase classname="tests.unit.test_guards" name="test_allowance_none_source_is_strictest" time="0.004" /><testcase classname="tests.unit.test_guards" name="test_allowance_policy_from_limits" time="0.004" /><testcase classname="tests.unit.test_guards" name="test_allowance_policy_falls_back_on_bad_config" time="0.003" /><testcase classname="tests.unit.test_guards" name="test_menu_hides_entries_without_permission" time="0.004" /><testcase classname="tests.unit.test_guards" name="test_menu_shows_permitted_entries" time="0.004" /><testcase classname="tests.unit.test_guards" name="test_disabled_feature_module_hides_entry" time="0.004" /><testcase classname="tests.unit.test_guards" name="test_child_hidden_when_parent_hidden" time="0.003" /><testcase classname="tests.unit.test_guards" name="test_is_visible_guards_deep_links" time="0.004" /><testcase classname="tests.unit.test_guards" name="test_child_deep_link_blocked_when_parent_blocked" time="0.004" /><testcase classname="tests.unit.test_guards" name="test_duplicate_menu_key_rejected" time="0.003" /><testcase classname="tests.unit.test_guards" name="test_menu_entry_requires_title" time="0.004" /><testcase classname="tests.unit.test_guards" name="test_entries_are_ordered" time="0.004" /><testcase classname="tests.unit.test_guards" name="test_override_grants_menu_visibility" time="0.004" /><testcase classname="tests.unit.test_guards" name="test_control_flag_cannot_be_delegated_below_admin" time="0.004" /><testcase classname="tests.unit.test_guards" name="test_priority_enum_used_by_guard" time="0.004" /><testcase classname="tests.unit.test_hashing" name="test_password_roundtrip" time="0.004" /><testcase classname="tests.unit.test_hashing" name="test_same_password_gives_different_hash" time="0.005" /><testcase classname="tests.unit.test_hashing" name="test_weak_passwords_rejected[q\u0131sa1!A-12 simvol]" time="0.004" /><testcase classname="tests.unit.test_hashing" name="test_weak_passwords_rejected[ham\u0131s\u0131ki\xe7ik123!-b\xf6y\xfck h\u0259rf]" time="0.004" /><testcase classname="tests.unit.test_hashing" name="test_weak_passwords_rejected[HAMISIBOYUK123!-ki\xe7ik h\u0259rf]" time="0.004" /><testcase classname="tests.unit.test_hashing" name="test_weak_passwords_rejected[R\u0259q\u0259msiz\u015eifr\u0259AB!-r\u0259q\u0259m]" time="0.004" /><testcase classname="tests.unit.test_hashing" name="test_weak_passwords_rejected[SimvolsuzSifre123-x\xfcsusi simvol]" time="0.004" /><testcase classname="tests.unit.test_hashing" name="test_password_validation_can_be_skipped" time="0.004" /><testcase classname="tests.unit.test_hashing" name="test_verify_against_missing_hash_is_false" time="0.005" /><testcase classname="tests.unit.test_hashing" name="test_pin_roundtrip" time="0.004" /><testcase classname="tests.unit.test_hashing" name="test_pin_hash_is_bound_to_employee" time="0.005" /><testcase classname="tests.unit.test_hashing" name="test_same_pin_different_employees_differ" time="0.004" /><testcase classname="tests.unit.test_hashing" name="test_weak_pins_rejected[0000]" time="0.004" /><testcase classname="tests.unit.test_hashing" name="test_weak_pins_rejected[1111]" time="0.004" /><testcase classname="tests.unit.test_hashing" name="test_weak_pins_rejected[1234]" time="0.004" /><testcase classname="tests.unit.test_hashing" name="test_weak_pins_rejected[4321]" time="0.004" /><testcase classname="tests.unit.test_hashing" name="test_weak_pins_rejected[2580]" time="0.004" /><testcase classname="tests.unit.test_hashing" name="test_weak_pins_rejected[1212]" time="0.005" /><testcase classname="tests.unit.test_hashing" name="test_invalid_pin_format_rejected[123]" time="0.004" /><testcase classname="tests.unit.test_hashing" name="test_invalid_pin_format_rejected[12345]" time="0.004" /><testcase classname="tests.unit.test_hashing" name="test_invalid_pin_format_rejected[48a1]" time="0.004" /><testcase classname="tests.unit.test_hashing" name="test_invalid_pin_format_rejected[]" time="0.004" /><testcase classname="tests.unit.test_hashing" name="test_invalid_pin_format_rejected[  48]" time="0.004" /><testcase classname="tests.unit.test_hashing" name="test_valid_pin_accepted" time="0.004" /><testcase classname="tests.unit.test_hashing" name="test_pin_requires_employee_id" time="0.004" /><testcase classname="tests.unit.test_hashing" name="test_pepper_changes_hash_input" time="0.005" /><testcase classname="tests.unit.test_hashing" name="test_different_peppers_are_incompatible" time="0.005" /><testcase classname="tests.unit.test_hashing" name="test_service_works_without_pepper" time="0.004" /><testcase classname="tests.unit.test_hashing" name="test_required_pepper_raises_when_missing" time="0.004" /><testcase classname="tests.unit.test_hashing" name="test_short_pepper_rejected" time="0.004" /><testcase classname="tests.unit.test_hashing" name="test_generate_pepper_is_long_enough" time="0.004" /><testcase classname="tests.unit.test_hashing" name="test_pepper_version_starts_at_one" time="0.004" /><testcase classname="tests.unit.test_hashing" name="test_pepper_version_increments_per_rotation" time="0.004" /><testcase classname="tests.unit.test_hashing" name="test_old_hash_still_verifies_after_rotation" time="0.005" /><testcase classname="tests.unit.test_hashing" name="test_rehashed_value_uses_new_pepper" time="0.006" /><testcase classname="tests.unit.test_hashing" name="test_unknown_pepper_version_fails_without_raising" time="0.006" /><testcase classname="tests.unit.test_hashing" name="test_password_rotation_also_supported" time="0.005" /><testcase classname="tests.unit.test_hashing" name="test_pepper_set_repr_is_masked" time="0.004" /><testcase classname="tests.unit.test_hashing" name="test_no_pepper_keeps_version_one" time="0.004" /><testcase classname="tests.unit.test_hashing" name="test_temporary_password_passes_policy" time="0.004" /><testcase classname="tests.unit.test_hashing" name="test_temporary_pin_is_not_weak" time="0.004" /><testcase classname="tests.unit.test_hashing" name="test_successful_attempt_resets_counter" time="0.004" /><testcase classname="tests.unit.test_hashing" name="test_failed_attempts_accumulate" time="0.003" /><testcase classname="tests.unit.test_hashing" name="test_fifth_failure_locks_for_fifteen_minutes" time="0.004" /><testcase classname="tests.unit.test_hashing" name="test_locked_account_rejects_even_correct_pin" time="0.004" /><testcase classname="tests.unit.test_hashing" name="test_lockout_expires" time="0.004" /><testcase classname="tests.unit.test_hashing" name="test_policy_is_configurable_from_system_limits" time="0.006" /><testcase classname="tests.unit.test_hashing" name="test_needs_rehash_on_stronger_params" time="0.007" /><testcase classname="tests.unit.test_hashing" name="test_password_policy_rejects_padding_whitespace" time="0.004" /><testcase classname="tests.unit.test_licensing.TestEvaluate" name="test_aktiv_ve_muddeti_kecmemis_lisenziya_mehdudlasdirmir" time="0.004" /><testcase classname="tests.unit.test_licensing.TestEvaluate" name="test_muddet_bitdikde_tetbiq_baglanir" time="0.005" /><testcase classname="tests.unit.test_licensing.TestEvaluate" name="test_muddet_bitmesi_ekraninda_sebeb_ve_tarix_gosterilir" time="0.004" /><testcase classname="tests.unit.test_licensing.TestEvaluate" name="test_deaktiv_status_da_tetbiqi_baglayir" time="0.004" /><testcase classname="tests.unit.test_licensing.TestEvaluate" name="test_kohnelmis_bloklama_hele_de_baglayir" time="0.004" /><testcase classname="tests.unit.test_licensing.TestEvaluate" name="test_saat_geri_cekilse_de_bitmis_lisenziya_acilmir" time="0.005" /><testcase classname="tests.unit.test_licensing.TestEvaluate" name="test_yuksek_su_nisani_olmadan_saat_hiylesi_isleyerdi" time="0.004" /><testcase classname="tests.unit.test_licensing.TestEvaluate" name="test_qrace_daxilinde_kohnelmis_oxunus_mehdudiyyet_yaratmir" time="0.004" /><testcase classname="tests.unit.test_licensing.TestEvaluate" name="test_qrace_bitdikde_yalniz_xeberdarliq_olur" time="0.004" /><testcase classname="tests.unit.test_licensing.TestEvaluate" name="test_qrace_hedd_araligina_sixilir" time="0.004" /><testcase classname="tests.unit.test_licensing.TestEvaluate" name="test_saat_geri_cekilende_qrace_uzanmir" time="0.004" /><testcase classname="tests.unit.test_licensing.TestEvaluate" name="test_muddetsiz_qeyd_hec_vaxt_bitmir" time="0.004" /><testcase classname="tests.unit.test_licensing.TestEvaluate" name="test_teze_qurasdirma_derhal_xeberdarliq_vermir" time="0.004" /><testcase classname="tests.unit.test_licensing.TestEvaluate" name="test_hec_vaxt_oxunmayan_qurasdirma_qrace_sonunda_xeberdarliq_verir" time="0.004" /><testcase classname="tests.unit.test_licensing.TestEvaluate" name="test_uc_status_bir_birini_evez_etmir" time="0.004" /><testcase classname="tests.unit.test_licensing.TestEvaluate" name="test_saat_surusmesi_yalniz_vaxt_kritik_emeliyyatlari_bloklayir" time="0.004" /><testcase classname="tests.unit.test_licensing.TestEvaluate" name="test_dev_muhitinde_lisenziya_bloklamir" time="0.004" /><testcase classname="tests.unit.test_licensing.TestEvaluate" name="test_dev_muhiti_saat_surusmesini_gizletmir" time="0.004" /><testcase classname="tests.unit.test_licensing.TestExtendByMonth" name="test_gelecek_muddete_30_gun_elave_olunur" time="0.004" /><testcase classname="tests.unit.test_licensing.TestExtendByMonth" name="test_kecmis_muddet_bugundan_baslayir" time="0.004" /><testcase classname="tests.unit.test_licensing.TestExtendByMonth" name="test_muddet_yoxdursa_bugundan_baslayir" time="0.004" /><testcase classname="tests.unit.test_licensing.TestExtendByMonth" name="test_uzatma_derhal_bloku_goturur" time="0.004" /><testcase classname="tests.unit.test_licensing.TestPaymentWarning" name="test_uzaq_muddet_ucun_banner_yoxdur" time="0.004" /><testcase classname="tests.unit.test_licensing.TestPaymentWarning" name="test_bitmeye_yaxin_muddet_xeberdarliq_verir" time="0.004" /><testcase classname="tests.unit.test_licensing.TestPaymentWarning" name="test_son_gun_ayrica_metnle_gosterilir" time="0.004" /><testcase classname="tests.unit.test_licensing.TestPaymentWarning" name="test_bitmis_muddet_banner_deyil_ekrandir" time="0.007" /><testcase classname="tests.unit.test_licensing.TestSnapshotSerialization" name="test_gedis_donus_deyeri_qoruyur" time="0.005" /><testcase classname="tests.unit.test_licensing.TestSnapshotSerialization" name="test_namelum_status_deaktiv_kimi_oxunmur" time="0.004" /><testcase classname="tests.unit.test_licensing.TestSnapshotSerialization" name="test_naive_datetime_redd_edilir" time="0.004" /><testcase classname="tests.unit.test_licensing.TestSnapshotSerialization" name="test_naive_expires_at_da_redd_edilir" time="0.004" /><testcase classname="tests.unit.test_licensing.TestSnapshotSerialization" name="test_yararsiz_tarix_sukutla_atilir" time="0.004" /><testcase classname="tests.unit.test_licensing.TestTelemetryPrivacy" name="test_telemetriya_yalniz_saygac_saxlayir" time="0.004" /><testcase classname="tests.unit.test_licensing.TestTelemetryPrivacy" name="test_anonim_referans_tenant_id_ni_askar_etmir" time="0.004" /><testcase classname="tests.unit.test_licensing.TestStateStore" name="test_saxlanan_veziyyet_geri_oxunur" time="0.009" /><testcase classname="tests.unit.test_licensing.TestStateStore" name="test_fayl_duz_metn_deyil" time="0.009" /><testcase classname="tests.unit.test_licensing.TestStateStore" name="test_deyisdirilmis_fayl_qebul_edilmir" time="0.009" /><testcase classname="tests.unit.test_licensing.TestStateStore" name="test_basqa_tenantin_fayli_acilmir" time="0.009" /><testcase classname="tests.unit.test_licensing.TestStateStore" name="test_saatin_geri_cekilmesi_askarlanir" time="0.007" /><testcase classname="tests.unit.test_licensing.TestStateStore" name="test_kicik_saat_duzelisi_heyecan_yaratmir" time="0.007" /><testcase classname="tests.unit.test_licensing.TestStateStore" name="test_yuksek_su_nisani_saxlanilir" time="0.006" /><testcase classname="tests.unit.test_licensing.TestStateStore" name="test_veziyyet_divar_saatindan_asili_deyil" time="0.006" /><testcase classname="tests.unit.test_licensing.TestStateStore" name="test_ilk_isedusme_qeyd_olunur" time="0.005" /><testcase classname="tests.unit.test_licensing.TestLicenseClient" name="test_ugurlu_oxunus_veziyyeti_saxlayir" time="0.004" /><testcase classname="tests.unit.test_licensing.TestLicenseClient" name="test_elcatmaz_baza_xeta_atmir_ve_kesi_saxlayir" time="0.004" /><testcase classname="tests.unit.test_licensing.TestLicenseClient" name="test_tapilmayan_setir_tetbiqi_baglamir" time="0.004" /><testcase classname="tests.unit.test_licensing.TestLicenseClient" name="test_gozlenilmez_xeta_da_udulur" time="0.005" /><testcase classname="tests.unit.test_licensing.TestLicenseClient" name="test_bitmis_muddet_derhal_bloklayir" time="0.005" /><testcase classname="tests.unit.test_licensing.TestLicenseClient" name="test_uzatmadan_sonra_yeniden_oxunus_bloku_goturur" time="0.004" /><testcase classname="tests.unit.test_licensing.TestLicenseClient" name="test_telemetriya_gonderilir" time="0.006" /><testcase classname="tests.unit.test_licensing.TestLicenseClient" name="test_saat_surusmesi_menbeyi_veziyyete_daxil_olur" time="0.004" /><testcase classname="tests.unit.test_licensing.TestLicenseClient" name="test_saglamliq_setri_veziyyeti_ozetleyir" time="0.004" /><testcase classname="tests.unit.test_licensing.TestLicenseClient" name="test_crash_hesabati_ugursuzlugu_udulur" time="0.004" /><testcase classname="tests.unit.test_licensing.TestDeveloperModeGuard" name="test_bayraq_teksinden_kifayet_etmir" time="0.004" /><testcase classname="tests.unit.test_licensing.TestDeveloperModeGuard" name="test_acar_teksinden_de_kifayet_etmir" time="0.004" /><testcase classname="tests.unit.test_licensing.TestDeveloperModeGuard" name="test_hər_ikisi_olduqda_acilir" time="0.004" /><testcase classname="tests.unit.test_licensing.TestDeveloperModeGuard" name="test_konfiqurasiyasiz_qurulus_redd_edilir" time="0.004" /><testcase classname="tests.unit.test_licensing.TestTenantRow" name="test_qalan_gun_nisanda_gorunur" time="0.004" /><testcase classname="tests.unit.test_licensing.TestTenantRow" name="test_bitmis_lisenziya_nisanda_gorunur" time="0.004" /><testcase classname="tests.unit.test_licensing.TestTenantRow" name="test_deaktiv_nisani_muddetden_ustundur" time="0.004" /><testcase classname="tests.unit.test_licensing.TestTenantRow" name="test_yaxinlasan_muddet_diqqet_teleb_edir" time="0.004" /><testcase classname="tests.unit.test_licensing.TestTenantRow" name="test_sessiz_qurasdirma_diqqet_teleb_edir" time="0.004" /><testcase classname="tests.unit.test_licensing.TestTenantRow" name="test_saglam_qurasdirma_diqqet_teleb_etmir" time="0.004" /><testcase classname="tests.unit.test_licensing.TestDeveloperConsole" name="test_cedvelde_setirler_gorunur" time="0.004" /><testcase classname="tests.unit.test_licensing.TestDeveloperConsole" name="test_bos_siyahi_aydin_mesaj_verir" time="0.004" /><testcase classname="tests.unit.test_licensing.TestDeveloperConsole" name="test_tesdiq_metni_musteri_adini_gosterir" time="0.004" /><testcase classname="tests.unit.test_licensing.TestDeveloperConsole" name="test_coxlu_secim_ucun_say_gosterilir" time="0.004" /><testcase classname="tests.unit.test_licensing.TestDeveloperConsole" name="test_axtaris_suzgeci_isleyir" time="0.004" /><testcase classname="tests.unit.test_licensing.TestDeveloperConsole" name="test_tesdiqsiz_uzatma_hec_ne_deyismir" time="0.004" /><testcase classname="tests.unit.test_licensing.TestDeveloperConsole" name="test_tesdiqle_uzatma_icra_olunur" time="0.004" /><testcase classname="tests.unit.test_licensing.TestDeveloperConsole" name="test_deaktiv_musteri_uzadildiqda_aktivlesme_bildirilir" time="0.004" /><testcase classname="tests.unit.test_licensing.TestDeveloperConsole" name="test_olmayan_musteri_xeta_kodu_verir" time="0.004" /><testcase classname="tests.unit.test_licensing.TestDeveloperConsole" name="test_audit_izi_formatlanir" time="0.004" /><testcase classname="tests.unit.test_licensing.TestDeveloperConsole" name="test_bos_audit_izi_aydin_mesaj_verir" time="0.004" /><testcase classname="tests.unit.test_licensing.TestLicenseStatusUseCase" name="test_icaze_olmadan_baxis_redd_edilir" time="0.005" /><testcase classname="tests.unit.test_licensing.TestLicenseStatusUseCase" name="test_icaze_ile_ekran_melumati_qaytarilir" time="0.004" /><testcase classname="tests.unit.test_licensing.TestLicenseStatusUseCase" name="test_indi_yoxla_check_in_isledir" time="0.004" /><testcase classname="tests.unit.test_licensing.TestLicenseStatusUseCase" name="test_use_case_de_status_deyisdirme_metodu_yoxdur" time="0.004" /><testcase classname="tests.unit.test_licensing.TestLicenseStatusUseCase" name="test_bloklanmis_ekran_ucun_ucluk_qaytarilir" time="0.004" /><testcase classname="tests.unit.test_logger" name="test_all_four_channels_created" time="0.005" /><testcase classname="tests.unit.test_logger" name="test_log_line_is_valid_json" time="0.004" /><testcase classname="tests.unit.test_logger" name="test_channels_do_not_leak" time="0.004" /><testcase classname="tests.unit.test_logger" name="test_sensitive_fields_are_redacted" time="0.004" /><testcase classname="tests.unit.test_logger" name="test_exception_is_serialized" time="0.005" /><testcase classname="tests.unit.test_logger" name="test_redact_helper" time="0.004" /><testcase classname="tests.unit.test_logger" name="test_reserved_extra_keys_do_not_crash[message]" time="0.005" /><testcase classname="tests.unit.test_logger" name="test_reserved_extra_keys_do_not_crash[module]" time="0.004" /><testcase classname="tests.unit.test_logger" name="test_reserved_extra_keys_do_not_crash[name]" time="0.004" /><testcase classname="tests.unit.test_logger" name="test_reserved_extra_keys_do_not_crash[args]" time="0.004" /><testcase classname="tests.unit.test_logger" name="test_reserved_extra_keys_do_not_crash[lineno]" time="0.005" /><testcase classname="tests.unit.test_logger" name="test_reserved_extra_keys_do_not_crash[levelname]" time="0.004" /><testcase classname="tests.unit.test_logger" name="test_reserved_extra_keys_do_not_crash[msg]" time="0.004" /><testcase classname="tests.unit.test_logger" name="test_app_version_can_be_updated_with_force" time="0.006" /><testcase classname="tests.unit.test_logger" name="test_configure_logging_is_idempotent" time="0.005" /><testcase classname="tests.unit.test_notifications.TestCriticality" name="test_bolme_7_de_sadalanan_kateqoriyalar_kritikdir" time="0.004" /><testcase classname="tests.unit.test_notifications.TestCriticality" name="test_melumatlandirici_kateqoriya_kritik_deyil" time="0.004" /><testcase classname="tests.unit.test_notifications.TestCriticality" name="test_reconciliation_hec_vaxt_sukutla_qeyd_olunmur" time="0.004" /><testcase classname="tests.unit.test_notifications.TestCriticality" name="test_namelum_kateqoriya_kritik_sayilmir" time="0.004" /><testcase classname="tests.unit.test_notifications.TestCriticality" name="test_mövzu_suzgeclene_bilen_prefiks_dasiyir" time="0.004" /><testcase classname="tests.unit.test_notifications.TestCriticality" name="test_namelum_kateqoriya_da_movzu_yaradir" time="0.004" /><testcase classname="tests.unit.test_notifications.TestCriticality" name="test_metn_sirket_adini_daxil_edir" time="0.004" /><testcase classname="tests.unit.test_notifications.TestSmtpSender" name="test_starttls_tetbiq_olunur" time="0.023" /><testcase classname="tests.unit.test_notifications.TestSmtpSender" name="test_465_portunda_starttls_cagirilmir" time="0.015" /><testcase classname="tests.unit.test_notifications.TestSmtpSender" name="test_starttls_ugursuz_olarsa_gonderilmir" time="0.017" /><testcase classname="tests.unit.test_notifications.TestSmtpSender" name="test_muveqqeti_nasazliq_adi_xeta_verir" time="0.023" /><testcase classname="tests.unit.test_notifications.TestSmtpSender" name="test_autentifikasiya_xetasi_tekrar_cehde_deymez_sayilir" time="0.023" /><testcase classname="tests.unit.test_notifications.TestSmtpSender" name="test_quit_xetasi_gonderisi_legv_etmir" time="0.024" /><testcase classname="tests.unit.test_notifications.TestSmtpSender" name="test_konfiqurasiya_yoxdursa_ayrica_xeta_atilir" time="0.007" /><testcase classname="tests.unit.test_notifications.TestSmtpSender" name="test_konfiqurasiya_sifreni_gostermir" time="0.007" /><testcase classname="tests.unit.test_notifications.TestSmtpSender" name="test_env_den_qurulus" time="0.004" /><testcase classname="tests.unit.test_notifications.TestSmtpSender" name="test_host_yoxdursa_konfiqurasiya_yoxdur" time="0.005" /><testcase classname="tests.unit.test_notifications.TestSmtpSender" name="test_alicisiz_mesaj_yaradila_bilmir" time="0.004" /><testcase classname="tests.unit.test_notifications.TestNotifier" name="test_adi_bildiris_epocht_gondermir" time="0.004" /><testcase classname="tests.unit.test_notifications.TestNotifier" name="test_kritik_bildiris_epocht_gonderir" time="0.015" /><testcase classname="tests.unit.test_notifications.TestNotifier" name="test_kritiklik_yalniz_yukselir" time="0.015" /><testcase classname="tests.unit.test_notifications.TestNotifier" name="test_cagiran_istediyini_kritik_ede_biler" time="0.015" /><testcase classname="tests.unit.test_notifications.TestNotifier" name="test_smtp_nasazligi_bildirisi_itirmir" time="0.015" /><testcase classname="tests.unit.test_notifications.TestNotifier" name="test_sirket_epochtu_yoxdursa_tekrar_cehd_edilmir" time="0.006" /><testcase classname="tests.unit.test_notifications.TestNotifier" name="test_smtp_qurulmayibsa_tekrar_cehd_edilmir" time="0.005" /><testcase classname="tests.unit.test_notifications.TestNotifier" name="test_epocht_metninde_bildiris_movzusu_var" time="0.023" /><testcase classname="tests.unit.test_notifications.TestDispatcher" name="test_novbedeki_bildiris_tekrar_gonderilir" time="0.027" /><testcase classname="tests.unit.test_notifications.TestDispatcher" name="test_cehd_limiti_novbeni_tixamir" time="0.005" /><testcase classname="tests.unit.test_notifications.TestDispatcher" name="test_adi_bildirisler_novbede_gorunmur" time="0.004" /><testcase classname="tests.unit.test_notifications.TestDispatcher" name="test_gozleme_muddeti_artir" time="0.004" /><testcase classname="tests.unit.test_notifications.TestScrubbing" name="test_windows_istifadeci_adi_gizlenir" time="0.004" /><testcase classname="tests.unit.test_notifications.TestScrubbing" name="test_linux_ev_qovlugu_gizlenir" time="0.004" /><testcase classname="tests.unit.test_notifications.TestScrubbing" name="test_epocht_unvani_gizlenir" time="0.004" /><testcase classname="tests.unit.test_notifications.TestScrubbing" name="test_uuid_gizlenir" time="0.005" /><testcase classname="tests.unit.test_notifications.TestScrubbing" name="test_uzun_reqem_ardicilligi_gizlenir" time="0.004" /><testcase classname="tests.unit.test_notifications.TestScrubbing" name="test_qisa_reqemler_qalir" time="0.004" /><testcase classname="tests.unit.test_notifications.TestCrashReporter" name="test_hesabatda_pii_yoxdur" time="0.005" /><testcase classname="tests.unit.test_notifications.TestCrashReporter" name="test_hesabatda_tenant_id_yoxdur" time="0.005" /><testcase classname="tests.unit.test_notifications.TestCrashReporter" name="test_eyni_bug_eyni_barmaq_izi_verir" time="0.004" /><testcase classname="tests.unit.test_notifications.TestCrashReporter" name="test_ferqli_istisna_tipi_ferqli_barmaq_izi_verir" time="0.004" /><testcase classname="tests.unit.test_notifications.TestCrashReporter" name="test_surat_limiti_crash_dovrunu_dayandirir" time="0.010" /><testcase classname="tests.unit.test_notifications.TestCrashReporter" name="test_sink_nasazligi_udulur" time="0.005" /><testcase classname="tests.unit.test_notifications.TestCrashReporter" name="test_sondurulmus_hesabatci_gondermir" time="0.004" /><testcase classname="tests.unit.test_notifications.TestCrashReporter" name="test_tutulmus_istisna_da_gonderile_bilir" time="0.005" /><testcase classname="tests.unit.test_notifications.TestCrashReporter" name="test_cox_uzun_trace_kesilir" time="0.435" /><testcase classname="tests.unit.test_notifications.TestCrashReporter" name="test_hook_callable_qaytarilir" time="0.005" /><testcase classname="tests.unit.test_offline_buffer" name="test_enqueued_write_is_pending_and_readable" time="0.017" /><testcase classname="tests.unit.test_offline_buffer" name="test_fifo_order_is_preserved" time="0.017" /><testcase classname="tests.unit.test_offline_buffer" name="test_mark_synced_removes_from_pending" time="0.017" /><testcase classname="tests.unit.test_offline_buffer" name="test_counts_for_health_monitor" time="0.019" /><testcase classname="tests.unit.test_offline_buffer" name="test_payload_is_encrypted_at_rest" time="0.015" /><testcase classname="tests.unit.test_offline_buffer" name="test_payload_cannot_be_moved_between_records" time="0.018" /><testcase classname="tests.unit.test_offline_buffer" name="test_repr_does_not_leak_payload" time="0.019" /><testcase classname="tests.unit.test_offline_buffer" name="test_backoff_schedule_matches_specification" time="0.020" /><testcase classname="tests.unit.test_offline_buffer" name="test_entry_is_hidden_until_next_attempt_time" time="0.016" /><testcase classname="tests.unit.test_offline_buffer" name="test_error_message_is_truncated" time="0.018" /><testcase classname="tests.unit.test_offline_buffer" name="test_conflict_keeps_both_versions" time="0.016" /><testcase classname="tests.unit.test_offline_buffer" name="test_conflict_blocks_later_writes_for_same_record" time="0.017" /><testcase classname="tests.unit.test_offline_buffer" name="test_conflict_does_not_block_other_records" time="0.017" /><testcase classname="tests.unit.test_offline_buffer" name="test_resolve_conflict_keep_local_requeues_with_fresh_base" time="0.017" /><testcase classname="tests.unit.test_offline_buffer" name="test_resolve_conflict_keep_remote_discards_local" time="0.018" /><testcase classname="tests.unit.test_offline_buffer" name="test_audit_critical_tables_are_flagged[leave_requests]" time="0.016" /><testcase classname="tests.unit.test_offline_buffer" name="test_audit_critical_tables_are_flagged[fines]" time="0.019" /><testcase classname="tests.unit.test_offline_buffer" name="test_audit_critical_tables_are_flagged[audit_logs]" time="0.018" /><testcase classname="tests.unit.test_offline_buffer" name="test_audit_critical_tables_are_flagged[attendance_records]" time="0.017" /><testcase classname="tests.unit.test_offline_buffer" name="test_non_critical_table_is_not_flagged" time="0.016" /><testcase classname="tests.unit.test_offline_buffer" name="test_specification_named_tables_are_all_covered" time="0.005" /><testcase classname="tests.unit.test_offline_buffer" name="test_buffer_survives_reopen" time="0.017" /><testcase classname="tests.unit.test_offline_buffer" name="test_purge_removes_only_old_synced_entries" time="0.022" /><testcase classname="tests.unit.test_offline_buffer" name="test_journal_mode_is_wal" time="0.016" /><testcase classname="tests.unit.test_offline_buffer" name="test_payload_json_roundtrip_keeps_azerbaijani_characters" time="0.016" /><testcase classname="tests.unit.test_offline_buffer" name="test_buffered_write_is_frozen" time="0.004" /><testcase classname="tests.unit.test_offline_buffer" name="test_json_payload_is_stored_as_object_not_string" time="0.016" /><testcase classname="tests.unit.test_plugins" name="test_manifest_requires_capabilities" time="0.005" /><testcase classname="tests.unit.test_plugins" name="test_manifest_requires_name" time="0.004" /><testcase classname="tests.unit.test_plugins" name="test_manifest_serialises_deterministically" time="0.004" /><testcase classname="tests.unit.test_plugins" name="test_valid_signature_accepted" time="0.006" /><testcase classname="tests.unit.test_plugins" name="test_empty_trust_store_is_fail_closed" time="0.005" /><testcase classname="tests.unit.test_plugins" name="test_unknown_publisher_rejected" time="0.005" /><testcase classname="tests.unit.test_plugins" name="test_tampered_file_breaks_signature" time="0.005" /><testcase classname="tests.unit.test_plugins" name="test_capability_escalation_breaks_signature" time="0.006" /><testcase classname="tests.unit.test_plugins" name="test_malformed_signature_rejected" time="0.005" /><testcase classname="tests.unit.test_plugins" name="test_missing_file_rejected" time="0.005" /><testcase classname="tests.unit.test_plugins" name="test_invalid_public_key_rejected" time="0.004" /><testcase classname="tests.unit.test_plugins" name="test_secrets_never_reach_plugin_env" time="0.004" /><testcase classname="tests.unit.test_plugins" name="test_sandbox_env_is_whitelist_based" time="0.004" /><testcase classname="tests.unit.test_plugins" name="test_secret_prefixes_cover_known_families" time="0.004" /><testcase classname="tests.unit.test_plugins" name="test_plugin_executes_and_returns_json" time="0.038" /><testcase classname="tests.unit.test_plugins" name="test_capability_not_in_manifest_denied" time="0.005" /><testcase classname="tests.unit.test_plugins" name="test_plugin_timeout_is_killed" time="1.013" /><testcase classname="tests.unit.test_plugins" name="test_plugin_crash_returns_error_not_exception" time="0.030" /><testcase classname="tests.unit.test_plugins" name="test_non_json_output_handled" time="0.029" /><testcase classname="tests.unit.test_plugins" name="test_oversized_output_rejected" time="0.041" /><testcase classname="tests.unit.test_plugins" name="test_plugin_cannot_import_host_modules" time="0.036" /><testcase classname="tests.unit.test_plugins" name="test_sandbox_repr_lists_capabilities" time="0.005" /><testcase classname="tests.unit.test_plugins" name="test_canonical_payload_is_stable" time="0.005" /><testcase classname="tests.unit.test_saga_orchestrator" name="test_all_steps_succeed" time="0.007" /><testcase classname="tests.unit.test_saga_orchestrator" name="test_step_result_available_in_context" time="0.007" /><testcase classname="tests.unit.test_saga_orchestrator" name="test_compensation_runs_in_reverse_order" time="0.009" /><testcase classname="tests.unit.test_saga_orchestrator" name="test_any_failure_yields_pending_reconciliation" time="0.009" /><testcase classname="tests.unit.test_saga_orchestrator" name="test_lenient_policy_yields_compensated" time="0.009" /><testcase classname="tests.unit.test_saga_orchestrator" name="test_failed_compensation_marks_partial" time="0.011" /><testcase classname="tests.unit.test_saga_orchestrator" name="test_non_compensatable_step_reported" time="0.009" /><testcase classname="tests.unit.test_saga_orchestrator" name="test_pending_reconciliation_event_published" time="0.009" /><testcase classname="tests.unit.test_saga_orchestrator" name="test_retry_then_success" time="0.008" /><testcase classname="tests.unit.test_saga_orchestrator" name="test_async_step_supported" time="0.007" /><testcase classname="tests.unit.test_saga_orchestrator" name="test_pending_reconciliation_listed_in_repository" time="0.009" /><testcase classname="tests.unit.test_saga_orchestrator" name="test_raise_for_status" time="0.008" /><testcase classname="tests.unit.test_saga_orchestrator" name="test_duplicate_step_names_rejected" time="0.005" /><testcase classname="tests.unit.test_saga_orchestrator" name="test_empty_step_list_rejected" time="0.005" /><testcase classname="tests.unit.test_saga_orchestrator" name="test_step_validation" time="0.004" /><testcase classname="tests.unit.test_saga_orchestrator" name="test_result_serialization" time="0.007" /><testcase classname="tests.unit.test_saga_policies" name="test_registry_is_consistent" time="0.004" /><testcase classname="tests.unit.test_saga_policies" name="test_audit_critical_sagas_use_strictest_policy" time="0.004" /><testcase classname="tests.unit.test_saga_policies" name="test_best_effort_sagas_use_lenient_policy" time="0.004" /><testcase classname="tests.unit.test_saga_policies" name="test_unknown_saga_defaults_to_strictest" time="0.004" /><testcase classname="tests.unit.test_saga_policies" name="test_money_and_attendance_sagas_are_audit_critical" time="0.004" /><testcase classname="tests.unit.test_saga_policies" name="test_inconsistent_registry_is_detected" time="0.004" /><testcase classname="tests.unit.test_saga_policies" name="test_resolver_applies_registry_policy" time="0.013" /><testcase classname="tests.unit.test_saga_policies" name="test_explicit_policy_overrides_registry" time="0.009" /><testcase classname="tests.unit.test_saga_policies" name="test_no_resolver_falls_back_to_strictest" time="0.009" /><testcase classname="tests.unit.test_timekeeping" name="test_system_clock_is_timezone_aware_utc" time="0.005" /><testcase classname="tests.unit.test_timekeeping" name="test_to_baku_rejects_naive_datetime" time="0.004" /><testcase classname="tests.unit.test_timekeeping" name="test_to_baku_adds_four_hours" time="0.004" /><testcase classname="tests.unit.test_timekeeping" name="test_ntp_corrected_clock_applies_offset" time="0.004" /><testcase classname="tests.unit.test_timekeeping" name="test_ntp_corrected_clock_without_sample_is_plain_system_time" time="0.004" /><testcase classname="tests.unit.test_timekeeping" name="test_never_measured_is_unverified_with_unknown_drift" time="0.004" /><testcase classname="tests.unit.test_timekeeping" name="test_measurement_within_threshold_is_verified" time="0.004" /><testcase classname="tests.unit.test_timekeeping" name="test_measurement_beyond_threshold_blocks" time="0.005" /><testcase classname="tests.unit.test_timekeeping" name="test_negative_drift_beyond_threshold_also_blocks" time="0.005" /><testcase classname="tests.unit.test_timekeeping" name="test_alarm_survives_ntp_becoming_unreachable" time="0.005" /><testcase classname="tests.unit.test_timekeeping" name="test_alarm_survives_sample_expiry" time="0.005" /><testcase classname="tests.unit.test_timekeeping" name="test_alarm_cleared_only_by_fresh_good_measurement" time="0.006" /><testcase classname="tests.unit.test_timekeeping" name="test_stale_good_sample_is_unverified_but_not_blocking" time="0.004" /><testcase classname="tests.unit.test_timekeeping" name="test_falls_back_to_second_server" time="0.004" /><testcase classname="tests.unit.test_timekeeping" name="test_drift_event_published_once_per_bad_sample" time="0.005" /><testcase classname="tests.unit.test_timekeeping" name="test_event_handler_failure_does_not_break_measurement" time="0.005" /><testcase classname="tests.unit.test_timekeeping" name="test_threshold_is_updatable_from_system_limits" time="0.005" /><testcase classname="tests.unit.test_timekeeping" name="test_status_row_for_health_monitor" time="0.007" /><testcase classname="tests.unit.test_timekeeping" name="test_background_thread_starts_and_stops" time="0.005" /><testcase classname="tests.unit.test_timekeeping" name="test_sntp_client_parses_real_packet" time="0.005" /><testcase classname="tests.unit.test_timekeeping" name="test_sntp_client_rejects_kiss_of_death_stratum_zero" time="0.005" /><testcase classname="tests.unit.test_timekeeping" name="test_sntp_client_rejects_mismatched_originate_timestamp" time="0.005" /><testcase classname="tests.unit.test_timekeeping" name="test_sntp_client_times_out_on_silent_server" time="0.213" /><testcase classname="tests.unit.test_updates_and_backup.TestVersion" name="test_normal_versiya_oxunur" time="0.005" /><testcase classname="tests.unit.test_updates_and_backup.TestVersion" name="test_v_prefiksi_qebul_edilir" time="0.004" /><testcase classname="tests.unit.test_updates_and_backup.TestVersion" name="test_suffiks_saxlanilir" time="0.004" /><testcase classname="tests.unit.test_updates_and_backup.TestVersion" name="test_yararsiz_versiya_redd_edilir" time="0.005" /><testcase classname="tests.unit.test_updates_and_backup.TestVersion" name="test_muqayise_reqemlere_gore_gedir" time="0.004" /><testcase classname="tests.unit.test_updates_and_backup.TestVersion" name="test_try_parse_yararsizda_none_verir" time="0.005" /><testcase classname="tests.unit.test_updates_and_backup.TestVersion" name="test_metn_formati_geri_qaytarilir" time="0.004" /><testcase classname="tests.unit.test_updates_and_backup.TestDecide" name="test_eyni_versiya_yenilenme_teleb_etmir" time="0.004" /><testcase classname="tests.unit.test_updates_and_backup.TestDecide" name="test_bos_kataloq_yenilenme_teleb_etmir" time="0.004" /><testcase classname="tests.unit.test_updates_and_backup.TestDecide" name="test_yeni_versiya_isteye_bagli_olur" time="0.004" /><testcase classname="tests.unit.test_updates_and_backup.TestDecide" name="test_tehlukesizlik_yamasi_mecburi_olur" time="0.004" /><testcase classname="tests.unit.test_updates_and_backup.TestDecide" name="test_yamadan_yeni_qurasdirma_ucun_mecburi_deyil" time="0.005" /><testcase classname="tests.unit.test_updates_and_backup.TestDecide" name="test_developer_paneli_mecburi_ede_bilir" time="0.004" /><testcase classname="tests.unit.test_updates_and_backup.TestDecide" name="test_endirme_redd_edilir" time="0.004" /><testcase classname="tests.unit.test_updates_and_backup.TestReleaseInfo" name="test_yararsiz_hash_qebul_edilmir" time="0.004" /><testcase classname="tests.unit.test_updates_and_backup.TestReleaseInfo" name="test_bos_yol_qebul_edilmir" time="0.004" /><testcase classname="tests.unit.test_updates_and_backup.TestReleaseInfo" name="test_setirden_qurulus" time="0.004" /><testcase classname="tests.unit.test_updates_and_backup.TestReleaseInfo" name="test_namelum_kanal_stable_e_dusur" time="0.004" /><testcase classname="tests.unit.test_updates_and_backup.TestVerification" name="test_dogru_hash_kecir" time="0.005" /><testcase classname="tests.unit.test_updates_and_backup.TestVerification" name="test_yanlis_hash_redd_edilir" time="0.005" /><testcase classname="tests.unit.test_updates_and_backup.TestVerification" name="test_etibarli_imza_qebul_edilir" time="0.006" /><testcase classname="tests.unit.test_updates_and_backup.TestVerification" name="test_imzasiz_fayl_redd_edilir" time="0.005" /><testcase classname="tests.unit.test_updates_and_backup.TestVerification" name="test_yad_nasir_redd_edilir" time="0.005" /><testcase classname="tests.unit.test_updates_and_backup.TestVerification" name="test_yoxlayici_cavab_vermirse_redd_edilir" time="0.005" /><testcase classname="tests.unit.test_updates_and_backup.TestVerification" name="test_yoxlayici_yararsiz_cavab_verirse_redd_edilir" time="0.005" /><testcase classname="tests.unit.test_updates_and_backup.TestVerification" name="test_yoxlayici_xeta_kodu_qaytararsa_redd_edilir" time="0.005" /><testcase classname="tests.unit.test_updates_and_backup.TestVerification" name="test_hash_imzadan_evvel_yoxlanilir" time="0.005" /><testcase classname="tests.unit.test_updates_and_backup.TestAutoUpdateClient" name="test_yeni_versiya_hazirlanir" time="0.006" /><testcase classname="tests.unit.test_updates_and_backup.TestAutoUpdateClient" name="test_hash_uygun_gelmirse_paket_silinir" time="0.006" /><testcase classname="tests.unit.test_updates_and_backup.TestAutoUpdateClient" name="test_imza_redd_edilirse_paket_silinir" time="0.007" /><testcase classname="tests.unit.test_updates_and_backup.TestAutoUpdateClient" name="test_kataloq_elcatmazdirsa_tetbiq_pozulmur" time="0.005" /><testcase classname="tests.unit.test_updates_and_backup.TestAutoUpdateClient" name="test_tetbiq_qurasdiricini_isledir" time="0.009" /><testcase classname="tests.unit.test_updates_and_backup.TestAutoUpdateClient" name="test_tetbiqden_evvel_paket_yeniden_dogrulanir" time="0.008" /><testcase classname="tests.unit.test_updates_and_backup.TestAutoUpdateClient" name="test_tetbiqden_sonra_geri_qaytarma_noqtesi_saxlanilir" time="0.010" /><testcase classname="tests.unit.test_updates_and_backup.TestAutoUpdateClient" name="test_geri_qaytarma_sebekesiz_isleyir" time="0.010" /><testcase classname="tests.unit.test_updates_and_backup.TestAutoUpdateClient" name="test_geri_qaytarma_noqtesi_yoxdursa_false" time="0.005" /><testcase classname="tests.unit.test_updates_and_backup.TestAutoUpdateClient" name="test_geri_qaytarilan_paketin_imzasi_da_yoxlanilir" time="0.009" /><testcase classname="tests.unit.test_updates_and_backup.TestAutoUpdateClient" name="test_endirme_teklifi_tetbiq_edilmir" time="0.005" /><testcase classname="tests.unit.test_updates_and_backup.TestAutoUpdateClient" name="test_saglamliq_setri_veziyyeti_ozetleyir" time="0.006" /><testcase classname="tests.unit.test_updates_and_backup.TestNightlyBackup" name="test_nusxe_yaradilir_ve_qeyd_olunur" time="0.006" /><testcase classname="tests.unit.test_updates_and_backup.TestNightlyBackup" name="test_checksum_faktiki_fayldan_hesablanir" time="0.006" /><testcase classname="tests.unit.test_updates_and_backup.TestNightlyBackup" name="test_saxlama_muddeti_30_gunden_asagi_dusmur" time="0.006" /><testcase classname="tests.unit.test_updates_and_backup.TestNightlyBackup" name="test_bos_fayl_etibarsiz_sayilir" time="0.005" /><testcase classname="tests.unit.test_updates_and_backup.TestNightlyBackup" name="test_ugursuz_dump_fayl_qoymur" time="0.005" /><testcase classname="tests.unit.test_updates_and_backup.TestNightlyBackup" name="test_alet_yoxdursa_aydin_xeta_verilir" time="0.004" /><testcase classname="tests.unit.test_updates_and_backup.TestNightlyBackup" name="test_sifre_emr_setrinde_getmir" time="0.006" /><testcase classname="tests.unit.test_updates_and_backup.TestNightlyBackup" name="test_muddeti_bitmis_fayllar_silinir" time="0.005" /><testcase classname="tests.unit.test_updates_and_backup.TestNightlyBackup" name="test_qeyd_yazila_bilmese_de_fayl_qalir" time="0.006" /><testcase classname="tests.unit.test_updates_and_backup.TestRestore" name="test_tesdiq_ifadesi_olmadan_berpa_edilmir" time="0.006" /><testcase classname="tests.unit.test_updates_and_backup.TestRestore" name="test_zedelenmis_nusxeden_berpa_edilmir" time="0.006" /><testcase classname="tests.unit.test_updates_and_backup.TestRestore" name="test_dogru_tesdiq_ve_checksum_ile_berpa_islenir" time="0.007" /><testcase classname="tests.unit.test_updates_and_backup.TestRestore" name="test_olmayan_fayldan_berpa_edilmir" time="0.005" /><testcase classname="tests.unit.test_use_cases" name="test_request_leave_uses_leave_type_allowance" time="0.005" /><testcase classname="tests.unit.test_use_cases" name="test_allowance_source_none_is_strictest" time="0.005" /><testcase classname="tests.unit.test_use_cases" name="test_allowance_source_fixed" time="0.005" /><testcase classname="tests.unit.test_use_cases" name="test_second_open_leave_blocked" time="0.005" /><testcase classname="tests.unit.test_use_cases" name="test_leave_blocked_when_module_disabled" time="0.005" /><testcase classname="tests.unit.test_use_cases" name="test_time_drift_blocks_leave_request" time="0.005" /><testcase classname="tests.unit.test_use_cases" name="test_small_drift_allows_operation" time="0.005" /><testcase classname="tests.unit.test_use_cases" name="test_full_flow_creates_no_fine_by_default" time="0.007" /><testcase classname="tests.unit.test_use_cases" name="test_fine_created_when_rate_configured" time="0.008" /><testcase classname="tests.unit.test_use_cases" name="test_no_fine_when_no_delay" time="0.007" /><testcase classname="tests.unit.test_use_cases" name="test_saga_compensates_when_fine_save_fails" time="0.010" /><testcase classname="tests.unit.test_use_cases" name="test_operator_outside_scope_blocked" time="0.006" /><testcase classname="tests.unit.test_use_cases" name="test_override_below_threshold_no_dual_control" time="0.005" /><testcase classname="tests.unit.test_use_cases" name="test_override_above_threshold_triggers_notification" time="0.005" /><testcase classname="tests.unit.test_use_cases" name="test_dual_control_toggle_off_skips_second_approval" time="0.005" /><testcase classname="tests.unit.test_use_cases" name="test_dual_control_approval_requires_flag" time="0.005" /><testcase classname="tests.unit.test_use_cases" name="test_leave_timeout_escalation" time="0.005" /><testcase classname="tests.unit.test_use_cases" name="test_check_in_flow" time="0.005" /><testcase classname="tests.unit.test_use_cases" name="test_check_in_late_beyond_tolerance" time="0.005" /><testcase classname="tests.unit.test_use_cases" name="test_check_in_reject_notifies_hr" time="0.013" /><testcase classname="tests.unit.test_use_cases" name="test_pending_queue_is_fail_safe_without_assignment" time="0.005" /><testcase classname="tests.unit.test_use_cases" name="test_pending_queue_excludes_other_stores" time="0.005" /><testcase classname="tests.unit.test_use_cases" name="test_check_in_timeout_escalation" time="0.005" /><testcase classname="tests.unit.test_use_cases" name="test_absence_detection" time="0.005" /><testcase classname="tests.unit.test_use_cases" name="test_off_day_is_not_absence" time="0.004" /><testcase classname="tests.unit.test_use_cases" name="test_verified_day_is_not_absence" time="0.005" /><testcase classname="tests.unit.test_use_cases" name="test_check_in_time_drift_blocked" time="0.005" /><testcase classname="tests.unit.test_use_cases" name="test_verify_requires_pending_record" time="0.005" /><testcase classname="tests.unit.test_use_cases" name="test_ntp_drift_limit_is_configurable" time="0.005" /><testcase classname="tests.unit.test_use_cases" name="test_clock_advance_helper" time="0.005" /><testcase classname="tests.unit.test_value_objects" name="test_valid_pin" time="0.005" /><testcase classname="tests.unit.test_value_objects" name="test_invalid_pin_format[123]" time="0.005" /><testcase classname="tests.unit.test_value_objects" name="test_invalid_pin_format[12345]" time="0.005" /><testcase classname="tests.unit.test_value_objects" name="test_invalid_pin_format[48a1]" time="0.004" /><testcase classname="tests.unit.test_value_objects" name="test_invalid_pin_format[]" time="0.004" /><testcase classname="tests.unit.test_value_objects" name="test_invalid_pin_format[  ]" time="0.005" /><testcase classname="tests.unit.test_value_objects" name="test_invalid_pin_format[\u0661\u0662\u0663\u0664]" time="0.005" /><testcase classname="tests.unit.test_value_objects" name="test_weak_pin_rejected_when_setting[0000]" time="0.005" /><testcase classname="tests.unit.test_value_objects" name="test_weak_pin_rejected_when_setting[1234]" time="0.005" /><testcase classname="tests.unit.test_value_objects" name="test_weak_pin_rejected_when_setting[4321]" time="0.005" /><testcase classname="tests.unit.test_value_objects" name="test_weak_pin_rejected_when_setting[2580]" time="0.005" /><testcase classname="tests.unit.test_value_objects" name="test_weak_pin_rejected_when_setting[1212]" time="0.005" /><testcase classname="tests.unit.test_value_objects" name="test_weak_pin_accepted_when_verifying" time="0.004" /><testcase classname="tests.unit.test_value_objects" name="test_pin_repr_is_masked" time="0.004" /><testcase classname="tests.unit.test_value_objects" name="test_pin_constant_time_comparison" time="0.004" /><testcase classname="tests.unit.test_value_objects" name="test_pin_strips_whitespace" time="0.004" /><testcase classname="tests.unit.test_value_objects" name="test_email_normalised" time="0.005" /><testcase classname="tests.unit.test_value_objects" name="test_invalid_email[]" time="0.005" /><testcase classname="tests.unit.test_value_objects" name="test_invalid_email[yanl\u0131\u015f]" time="0.005" /><testcase classname="tests.unit.test_value_objects" name="test_invalid_email[@kompas.az]" time="0.005" /><testcase classname="tests.unit.test_value_objects" name="test_invalid_email[admin@]" time="0.005" /><testcase classname="tests.unit.test_value_objects" name="test_invalid_email[admin@kompas]" time="0.005" /><testcase classname="tests.unit.test_value_objects" name="test_invalid_email[a b@kompas.az]" time="0.005" /><testcase classname="tests.unit.test_value_objects" name="test_email_length_limit" time="0.005" /><testcase classname="tests.unit.test_value_objects" name="test_username_normalised" time="0.005" /><testcase classname="tests.unit.test_value_objects" name="test_valid_usernames[rashad]" time="0.005" /><testcase classname="tests.unit.test_value_objects" name="test_valid_usernames[hr.admin]" time="0.004" /><testcase classname="tests.unit.test_value_objects" name="test_valid_usernames[store_manager_01]" time="0.005" /><testcase classname="tests.unit.test_value_objects" name="test_valid_usernames[a1b]" time="0.005" /><testcase classname="tests.unit.test_value_objects" name="test_valid_usernames[uuuuuuuuuuuuuuuuuuuuuuuuuuuuuuuu]" time="0.005" /><testcase classname="tests.unit.test_value_objects" name="test_valid_usernames[kamera-operator]" time="0.005" /><testcase classname="tests.unit.test_value_objects" name="test_invalid_usernames[]" time="0.004" /><testcase classname="tests.unit.test_value_objects" name="test_invalid_usernames[ab]" time="0.004" /><testcase classname="tests.unit.test_value_objects" name="test_invalid_usernames[uuuuuuuuuuuuuuuuuuuuuuuuuuuuuuuuu]" time="0.005" /><testcase classname="tests.unit.test_value_objects" name="test_invalid_usernames[.admin]" time="0.005" /><testcase classname="tests.unit.test_value_objects" name="test_invalid_usernames[-admin]" time="0.005" /><testcase classname="tests.unit.test_value_objects" name="test_invalid_usernames[_admin]" time="0.006" /><testcase classname="tests.unit.test_value_objects" name="test_invalid_usernames[admin@kompas.az]" time="0.005" /><testcase classname="tests.unit.test_value_objects" name="test_invalid_usernames[admin user]" time="0.005" /><testcase classname="tests.unit.test_value_objects" name="test_invalid_usernames[\u015f\u0259bn\u0259m]" time="0.005" /><testcase classname="tests.unit.test_value_objects" name="test_invalid_usernames[\u0430\u0434\u043c\u0438\u043d]" time="0.004" /><testcase classname="tests.unit.test_value_objects" name="test_invalid_usernames[admin!]" time="0.006" /><testcase classname="tests.unit.test_value_objects" name="test_username_is_not_an_email" time="0.005" /><testcase classname="tests.unit.test_value_objects" name="test_money_quantises_to_two_places" time="0.005" /><testcase classname="tests.unit.test_value_objects" name="test_money_rejects_float" time="0.005" /><testcase classname="tests.unit.test_value_objects" name="test_money_arithmetic" time="0.004" /><testcase classname="tests.unit.test_value_objects" name="test_money_comparison_and_ordering" time="0.005" /><testcase classname="tests.unit.test_value_objects" name="test_money_accepts_comma_decimal_separator" time="0.005" /><testcase classname="tests.unit.test_value_objects" name="test_money_non_negative_guard" time="0.005" /><testcase classname="tests.unit.test_value_objects" name="test_money_exceeds_db_limit" time="0.005" /><testcase classname="tests.unit.test_value_objects" name="test_money_formats_in_azn" time="0.005" /><testcase classname="tests.unit.test_value_objects" name="test_money_zero" time="0.004" /><testcase classname="tests.unit.test_value_objects" name="test_role_priority_ordering" time="0.005" /><testcase classname="tests.unit.test_value_objects" name="test_default_priorities_match_spec" time="0.005" /><testcase classname="tests.unit.test_value_objects" name="test_hardlock_levels[1-ROOT-True]" time="0.005" /><testcase classname="tests.unit.test_value_objects" name="test_hardlock_levels[1-CEO-False]" time="0.005" /><testcase classname="tests.unit.test_value_objects" name="test_hardlock_levels[2-CEO-True]" time="0.005" /><testcase classname="tests.unit.test_value_objects" name="test_hardlock_levels[2-ADMIN-False]" time="0.005" /><testcase classname="tests.unit.test_value_objects" name="test_hardlock_levels[3-ADMIN-True]" time="0.005" /><testcase classname="tests.unit.test_value_objects" name="test_hardlock_levels[3-HR_ADMIN-False]" time="0.007" /><testcase classname="tests.unit.test_value_objects" name="test_hardlock_levels[0-SATICI-True]" time="0.005" /><testcase classname="tests.unit.test_value_objects" name="test_camera_flags_only_for_camera_roles[can_verify_returns]" time="0.005" /><testcase classname="tests.unit.test_value_objects" name="test_camera_flags_only_for_camera_roles[can_override_return_time]" time="0.005" /><testcase classname="tests.unit.test_value_objects" name="test_camera_flags_only_for_camera_roles[can_issue_fines]" time="0.006" /><testcase classname="tests.unit.test_value_objects" name="test_dual_control_approval_never_on_camera_role" time="0.005" /><testcase classname="tests.unit.test_value_objects" name="test_root_only_flag_not_for_ceo" time="0.005" /><testcase classname="tests.unit.test_value_objects" name="test_flag_code_must_be_prefixed" time="0.005" /><testcase classname="tests.unit.test_value_objects" name="test_camera_only_requires_anti_fraud" time="0.005" /><testcase classname="tests.unit.test_value_objects" name="test_is_grantable_to_does_not_raise" time="0.005" /><testcase classname="tests.unit.test_value_objects" name="test_time_range_duration" time="0.004" /><testcase classname="tests.unit.test_value_objects" name="test_overnight_time_range" time="0.004" /><testcase classname="tests.unit.test_value_objects" name="test_time_range_rejects_equal_bounds" time="0.005" /><testcase classname="tests.unit.test_value_objects" name="test_require_aware_rejects_naive" time="0.005" /><testcase classname="tests.unit.test_value_objects" name="test_require_aware_accepts_tz" time="0.005" /><testcase classname="tests.unit.test_value_objects" name="test_lateness_within_tolerance" time="0.005" /><testcase classname="tests.unit.test_value_objects" name="test_lateness_beyond_tolerance" time="0.005" /><testcase classname="tests.unit.test_value_objects" name="test_lateness_without_schedule" time="0.005" /><testcase classname="tests.unit.test_value_objects" name="test_early_arrival_is_not_late" time="0.005" /><testcase classname="tests.unit.test_value_objects" name="test_penalty_within_allowance" time="0.008" /><testcase classname="tests.unit.test_value_objects" name="test_penalty_doubles_the_overage" time="0.005" /><testcase classname="tests.unit.test_value_objects" name="test_penalty_literal_spec_mode_without_allowance" time="0.005" /><testcase classname="tests.unit.test_value_objects" name="test_penalty_delay_never_negative" time="0.005" /><testcase classname="tests.unit.test_value_objects" name="test_penalty_rejects_return_before_request" time="0.005" /><testcase classname="tests.unit.test_value_objects" name="test_penalty_rounds_partial_minute_up" time="0.005" /><testcase classname="tests.unit.test_value_objects" name="test_penalty_rejects_naive_datetime" time="0.005" /><testcase classname="tests.unit.test_value_objects" name="test_penalty_rejects_negative_allowance" time="0.005" /><testcase classname="tests.unit.test_value_objects" name="test_penalty_across_timezones_is_consistent" time="0.005" /><testcase classname="tests.unit.test_value_objects" name="test_penalty_serialisation" time="0.005" /></testsuite></testsuites>